2019-06-05 14:33:26.887  INFO 25780 --- [main] c.z.s.SpringBootDemoApplication          : Starting SpringBootDemoApplication on LAPTOP-K985UT82 with PID 25780 (D:\Java\Java_study\spring-boot-demo\spring-boot-demo\target\classes started by 86182 in D:\Java\Java_study\spring-boot-demo\spring-boot-demo)
2019-06-05 14:33:26.889  INFO 25780 --- [main] c.z.s.SpringBootDemoApplication          : The following profiles are active: dev
2019-06-05 14:33:27.442  INFO 25780 --- [main] o.s.b.w.embedded.tomcat.TomcatWebServer  : Tomcat initialized with port(s): 8081 (http)
2019-06-05 14:33:27.457  INFO 25780 --- [main] o.apache.catalina.core.StandardService   : Starting service [Tomcat]
2019-06-05 14:33:27.457  INFO 25780 --- [main] org.apache.catalina.core.StandardEngine  : Starting Servlet engine: [Apache Tomcat/9.0.19]
2019-06-05 14:33:27.517  INFO 25780 --- [main] o.a.c.c.C.[Tomcat].[localhost].[/zwf]    : Initializing Spring embedded WebApplicationContext
2019-06-05 14:33:27.517  INFO 25780 --- [main] o.s.web.context.ContextLoader            : Root WebApplicationContext: initialization completed in 602 ms
2019-06-05 14:33:27.646  INFO 25780 --- [main] o.s.s.concurrent.ThreadPoolTaskExecutor  : Initializing ExecutorService 'applicationTaskExecutor'
2019-06-05 14:33:27.761  INFO 25780 --- [main] o.s.b.w.embedded.tomcat.TomcatWebServer  : Tomcat started on port(s): 8081 (http) with context path '/zwf'
2019-06-05 14:33:27.764  INFO 25780 --- [main] c.z.s.SpringBootDemoApplication          : Started SpringBootDemoApplication in 1.147 seconds (JVM running for 1.647)
2019-06-05 14:52:02.562  INFO 25780 --- [RMI TCP Connection(2)-127.0.0.1] inMXBeanRegistrar$SpringApplicationAdmin : Application shutdown requested.
2019-06-05 14:52:02.563  INFO 25780 --- [RMI TCP Connection(2)-127.0.0.1] o.s.s.concurrent.ThreadPoolTaskExecutor  : Shutting down ExecutorService 'applicationTaskExecutor'
2019-06-05 14:53:08.826  INFO 28192 --- [restartedMain] c.z.s.SpringBootDemoApplication          : Starting SpringBootDemoApplication on LAPTOP-K985UT82 with PID 28192 (D:\Java\Java_study\spring-boot-demo\spring-boot-demo\target\classes started by 86182 in D:\Java\Java_study\spring-boot-demo\spring-boot-demo)
2019-06-05 14:53:08.828  INFO 28192 --- [restartedMain] c.z.s.SpringBootDemoApplication          : The following profiles are active: dev
2019-06-05 14:53:08.855  INFO 28192 --- [restartedMain] .e.DevToolsPropertyDefaultsPostProcessor : Devtools property defaults active! Set 'spring.devtools.add-properties' to 'false' to disable
2019-06-05 14:53:08.855  INFO 28192 --- [restartedMain] .e.DevToolsPropertyDefaultsPostProcessor : For additional web related logging consider setting the 'logging.level.web' property to 'DEBUG'
2019-06-05 14:53:09.477  INFO 28192 --- [restartedMain] o.s.b.w.embedded.tomcat.TomcatWebServer  : Tomcat initialized with port(s): 8081 (http)
2019-06-05 14:53:09.491  INFO 28192 --- [restartedMain] o.apache.catalina.core.StandardService   : Starting service [Tomcat]
2019-06-05 14:53:09.491  INFO 28192 --- [restartedMain] org.apache.catalina.core.StandardEngine  : Starting Servlet engine: [Apache Tomcat/9.0.19]
2019-06-05 14:53:09.549  INFO 28192 --- [restartedMain] o.a.c.c.C.[Tomcat].[localhost].[/zwf]    : Initializing Spring embedded WebApplicationContext
2019-06-05 14:53:09.549  INFO 28192 --- [restartedMain] o.s.web.context.ContextLoader            : Root WebApplicationContext: initialization completed in 693 ms
2019-06-05 14:53:09.667  INFO 28192 --- [restartedMain] o.s.s.concurrent.ThreadPoolTaskExecutor  : Initializing ExecutorService 'applicationTaskExecutor'
2019-06-05 14:53:09.761  INFO 28192 --- [restartedMain] o.s.b.d.a.OptionalLiveReloadServer       : LiveReload server is running on port 35729
2019-06-05 14:53:09.794  INFO 28192 --- [restartedMain] o.s.b.w.embedded.tomcat.TomcatWebServer  : Tomcat started on port(s): 8081 (http) with context path '/zwf'
2019-06-05 14:53:09.796  INFO 28192 --- [restartedMain] c.z.s.SpringBootDemoApplication          : Started SpringBootDemoApplication in 1.225 seconds (JVM running for 1.779)
2019-06-05 14:53:09.798  INFO 28192 --- [restartedMain] c.z.s.SpringBootDemoApplication          : 
----------------------------------------------------------
	Application 'dev' is running! Access URLs:
	Local: 		http://192.168.1.7:8081
	----------------------------------------------------------
2019-06-05 14:53:09.798  INFO 28192 --- [restartedMain] c.z.s.SpringBootDemoApplication          : 程序启动完成!
2019-06-05 14:53:33.205  INFO 28192 --- [Thread-6] o.s.s.concurrent.ThreadPoolTaskExecutor  : Shutting down ExecutorService 'applicationTaskExecutor'
2019-06-05 14:53:33.476  INFO 28192 --- [restartedMain] c.z.s.SpringBootDemoApplication          : Starting SpringBootDemoApplication on LAPTOP-K985UT82 with PID 28192 (D:\Java\Java_study\spring-boot-demo\spring-boot-demo\target\classes started by 86182 in D:\Java\Java_study\spring-boot-demo\spring-boot-demo)
2019-06-05 14:53:33.476  INFO 28192 --- [restartedMain] c.z.s.SpringBootDemoApplication          : The following profiles are active: dev
2019-06-05 14:53:33.628  INFO 28192 --- [restartedMain] o.s.b.w.embedded.tomcat.TomcatWebServer  : Tomcat initialized with port(s): 8081 (http)
2019-06-05 14:53:33.629  INFO 28192 --- [restartedMain] o.apache.catalina.core.StandardService   : Starting service [Tomcat]
2019-06-05 14:53:33.629  INFO 28192 --- [restartedMain] org.apache.catalina.core.StandardEngine  : Starting Servlet engine: [Apache Tomcat/9.0.19]
2019-06-05 14:53:33.638  INFO 28192 --- [restartedMain] o.a.c.c.C.[Tomcat].[localhost].[/zwf]    : Initializing Spring embedded WebApplicationContext
2019-06-05 14:53:33.638  INFO 28192 --- [restartedMain] o.s.web.context.ContextLoader            : Root WebApplicationContext: initialization completed in 161 ms
2019-06-05 14:53:33.670  INFO 28192 --- [restartedMain] o.s.s.concurrent.ThreadPoolTaskExecutor  : Initializing ExecutorService 'applicationTaskExecutor'
2019-06-05 14:53:33.694  INFO 28192 --- [restartedMain] o.s.b.d.a.OptionalLiveReloadServer       : LiveReload server is running on port 35729
2019-06-05 14:53:33.707  INFO 28192 --- [restartedMain] o.s.b.w.embedded.tomcat.TomcatWebServer  : Tomcat started on port(s): 8081 (http) with context path '/zwf'
2019-06-05 14:53:33.707  INFO 28192 --- [restartedMain] c.z.s.SpringBootDemoApplication          : Started SpringBootDemoApplication in 0.253 seconds (JVM running for 25.69)
2019-06-05 14:53:33.709  INFO 28192 --- [restartedMain] .ConditionEvaluationDeltaLoggingListener : Condition evaluation unchanged
2019-06-05 14:53:33.709  INFO 28192 --- [restartedMain] c.z.s.SpringBootDemoApplication          : 
----------------------------------------------------------
	Application 'dev' is running! Access URLs:
	Local: 		http://192.168.1.7:8081
	----------------------------------------------------------
2019-06-05 14:53:33.709  INFO 28192 --- [restartedMain] c.z.s.SpringBootDemoApplication          : 程序启动完成!
2019-06-05 14:54:20.588  INFO 28192 --- [Thread-10] o.s.s.concurrent.ThreadPoolTaskExecutor  : Shutting down ExecutorService 'applicationTaskExecutor'
2019-06-05 14:54:20.867  INFO 28192 --- [restartedMain] c.z.s.SpringBootDemoApplication          : Starting SpringBootDemoApplication on LAPTOP-K985UT82 with PID 28192 (D:\Java\Java_study\spring-boot-demo\spring-boot-demo\target\classes started by 86182 in D:\Java\Java_study\spring-boot-demo\spring-boot-demo)
2019-06-05 14:54:20.867  INFO 28192 --- [restartedMain] c.z.s.SpringBootDemoApplication          : The following profiles are active: dev
2019-06-05 14:54:21.002  INFO 28192 --- [restartedMain] o.s.b.w.embedded.tomcat.TomcatWebServer  : Tomcat initialized with port(s): 8081 (http)
2019-06-05 14:54:21.003  INFO 28192 --- [restartedMain] o.apache.catalina.core.StandardService   : Starting service [Tomcat]
2019-06-05 14:54:21.003  INFO 28192 --- [restartedMain] org.apache.catalina.core.StandardEngine  : Starting Servlet engine: [Apache Tomcat/9.0.19]
2019-06-05 14:54:21.011  INFO 28192 --- [restartedMain] o.a.c.c.C.[Tomcat].[localhost].[/zwf]    : Initializing Spring embedded WebApplicationContext
2019-06-05 14:54:21.011  INFO 28192 --- [restartedMain] o.s.web.context.ContextLoader            : Root WebApplicationContext: initialization completed in 143 ms
2019-06-05 14:54:21.043  INFO 28192 --- [restartedMain] o.s.s.concurrent.ThreadPoolTaskExecutor  : Initializing ExecutorService 'applicationTaskExecutor'
2019-06-05 14:54:21.068  INFO 28192 --- [restartedMain] o.s.b.d.a.OptionalLiveReloadServer       : LiveReload server is running on port 35729
2019-06-05 14:54:21.081  INFO 28192 --- [restartedMain] o.s.b.w.embedded.tomcat.TomcatWebServer  : Tomcat started on port(s): 8081 (http) with context path '/zwf'
2019-06-05 14:54:21.081  INFO 28192 --- [restartedMain] c.z.s.SpringBootDemoApplication          : Started SpringBootDemoApplication in 0.234 seconds (JVM running for 73.064)
2019-06-05 14:54:21.082  INFO 28192 --- [restartedMain] .ConditionEvaluationDeltaLoggingListener : Condition evaluation unchanged
2019-06-05 14:54:21.083  INFO 28192 --- [restartedMain] c.z.s.SpringBootDemoApplication          : 
----------------------------------------------------------
	Application 'dev' is running! Access URLs:
	Local: 		http://192.168.1.7:8081
	----------------------------------------------------------
2019-06-05 14:54:21.083  INFO 28192 --- [restartedMain] c.z.s.SpringBootDemoApplication          : 程序启动完成!
2019-06-05 14:54:30.490  INFO 28192 --- [Thread-16] o.s.s.concurrent.ThreadPoolTaskExecutor  : Shutting down ExecutorService 'applicationTaskExecutor'
2019-06-05 14:54:30.734  INFO 28192 --- [restartedMain] c.z.s.SpringBootDemoApplication          : Starting SpringBootDemoApplication on LAPTOP-K985UT82 with PID 28192 (D:\Java\Java_study\spring-boot-demo\spring-boot-demo\target\classes started by 86182 in D:\Java\Java_study\spring-boot-demo\spring-boot-demo)
2019-06-05 14:54:30.734  INFO 28192 --- [restartedMain] c.z.s.SpringBootDemoApplication          : The following profiles are active: dev
2019-06-05 14:54:30.872  INFO 28192 --- [restartedMain] o.s.b.w.embedded.tomcat.TomcatWebServer  : Tomcat initialized with port(s): 8081 (http)
2019-06-05 14:54:30.873  INFO 28192 --- [restartedMain] o.apache.catalina.core.StandardService   : Starting service [Tomcat]
2019-06-05 14:54:30.873  INFO 28192 --- [restartedMain] org.apache.catalina.core.StandardEngine  : Starting Servlet engine: [Apache Tomcat/9.0.19]
2019-06-05 14:54:30.882  INFO 28192 --- [restartedMain] o.a.c.c.C.[Tomcat].[localhost].[/zwf]    : Initializing Spring embedded WebApplicationContext
2019-06-05 14:54:30.882  INFO 28192 --- [restartedMain] o.s.web.context.ContextLoader            : Root WebApplicationContext: initialization completed in 146 ms
2019-06-05 14:54:30.913  INFO 28192 --- [restartedMain] o.s.s.concurrent.ThreadPoolTaskExecutor  : Initializing ExecutorService 'applicationTaskExecutor'
2019-06-05 14:54:30.949  INFO 28192 --- [restartedMain] o.s.b.d.a.OptionalLiveReloadServer       : LiveReload server is running on port 35729
2019-06-05 14:54:30.959  INFO 28192 --- [restartedMain] o.s.b.w.embedded.tomcat.TomcatWebServer  : Tomcat started on port(s): 8081 (http) with context path '/zwf'
2019-06-05 14:54:30.959  INFO 28192 --- [restartedMain] c.z.s.SpringBootDemoApplication          : Started SpringBootDemoApplication in 0.243 seconds (JVM running for 82.942)
2019-06-05 14:54:30.960  INFO 28192 --- [restartedMain] .ConditionEvaluationDeltaLoggingListener : Condition evaluation unchanged
2019-06-05 14:54:30.961  INFO 28192 --- [restartedMain] c.z.s.SpringBootDemoApplication          : 
----------------------------------------------------------
	Application 'dev' is running! Access URLs:
	Local: 		http://192.168.1.7:8081
	----------------------------------------------------------
2019-06-05 14:54:30.961  INFO 28192 --- [restartedMain] c.z.s.SpringBootDemoApplication          : 程序启动完成!
2019-06-05 14:54:40.000  INFO 28192 --- [RMI TCP Connection(2)-127.0.0.1] inMXBeanRegistrar$SpringApplicationAdmin : Application shutdown requested.
2019-06-05 14:54:40.003  INFO 28192 --- [RMI TCP Connection(2)-127.0.0.1] o.s.s.concurrent.ThreadPoolTaskExecutor  : Shutting down ExecutorService 'applicationTaskExecutor'
2019-06-05 14:55:43.955  INFO 15500 --- [main] c.z.s.SpringBootDemoApplication          : Starting SpringBootDemoApplication on LAPTOP-K985UT82 with PID 15500 (D:\Java\Java_study\spring-boot-demo\spring-boot-demo\target\classes started by 86182 in D:\Java\Java_study\spring-boot-demo\spring-boot-demo)
2019-06-05 14:55:43.957  INFO 15500 --- [main] c.z.s.SpringBootDemoApplication          : The following profiles are active: dev
2019-06-05 14:55:44.517  INFO 15500 --- [main] o.s.b.w.embedded.tomcat.TomcatWebServer  : Tomcat initialized with port(s): 8081 (http)
2019-06-05 14:55:44.531  INFO 15500 --- [main] o.apache.catalina.core.StandardService   : Starting service [Tomcat]
2019-06-05 14:55:44.531  INFO 15500 --- [main] org.apache.catalina.core.StandardEngine  : Starting Servlet engine: [Apache Tomcat/9.0.19]
2019-06-05 14:55:44.584  INFO 15500 --- [main] o.a.c.c.C.[Tomcat].[localhost].[/zwf]    : Initializing Spring embedded WebApplicationContext
2019-06-05 14:55:44.584  INFO 15500 --- [main] o.s.web.context.ContextLoader            : Root WebApplicationContext: initialization completed in 603 ms
2019-06-05 14:55:44.708  INFO 15500 --- [main] o.s.s.concurrent.ThreadPoolTaskExecutor  : Initializing ExecutorService 'applicationTaskExecutor'
2019-06-05 14:55:44.814  INFO 15500 --- [main] o.s.b.w.embedded.tomcat.TomcatWebServer  : Tomcat started on port(s): 8081 (http) with context path '/zwf'
2019-06-05 14:55:44.817  INFO 15500 --- [main] c.z.s.SpringBootDemoApplication          : Started SpringBootDemoApplication in 1.125 seconds (JVM running for 1.63)
2019-06-05 14:55:44.818  INFO 15500 --- [main] c.z.s.SpringBootDemoApplication          : 
----------------------------------------------------------
	Application 'dev' is running! Access URLs:
	Local: 		http://192.168.1.7:8081
	----------------------------------------------------------
2019-06-05 14:55:44.819  INFO 15500 --- [main] c.z.s.SpringBootDemoApplication          : 程序启动完成!
2019-06-05 14:56:18.184  INFO 15500 --- [RMI TCP Connection(2)-127.0.0.1] inMXBeanRegistrar$SpringApplicationAdmin : Application shutdown requested.
2019-06-05 14:56:18.185  INFO 15500 --- [RMI TCP Connection(2)-127.0.0.1] o.s.s.concurrent.ThreadPoolTaskExecutor  : Shutting down ExecutorService 'applicationTaskExecutor'
2019-06-05 14:56:23.428  INFO 24636 --- [main] c.z.s.SpringBootDemoApplication          : Starting SpringBootDemoApplication on LAPTOP-K985UT82 with PID 24636 (D:\Java\Java_study\spring-boot-demo\spring-boot-demo\target\classes started by 86182 in D:\Java\Java_study\spring-boot-demo\spring-boot-demo)
2019-06-05 14:56:23.430  INFO 24636 --- [main] c.z.s.SpringBootDemoApplication          : The following profiles are active: dev
2019-06-05 14:56:24.135  INFO 24636 --- [main] o.s.b.w.embedded.tomcat.TomcatWebServer  : Tomcat initialized with port(s): 8081 (http)
2019-06-05 14:56:24.151  INFO 24636 --- [main] o.apache.catalina.core.StandardService   : Starting service [Tomcat]
2019-06-05 14:56:24.151  INFO 24636 --- [main] org.apache.catalina.core.StandardEngine  : Starting Servlet engine: [Apache Tomcat/9.0.19]
2019-06-05 14:56:24.218  INFO 24636 --- [main] o.a.c.c.C.[Tomcat].[localhost].[/zwf]    : Initializing Spring embedded WebApplicationContext
2019-06-05 14:56:24.218  INFO 24636 --- [main] o.s.web.context.ContextLoader            : Root WebApplicationContext: initialization completed in 757 ms
2019-06-05 14:56:24.374  INFO 24636 --- [main] o.s.s.concurrent.ThreadPoolTaskExecutor  : Initializing ExecutorService 'applicationTaskExecutor'
2019-06-05 14:56:24.495  INFO 24636 --- [main] o.s.b.w.embedded.tomcat.TomcatWebServer  : Tomcat started on port(s): 8081 (http) with context path '/zwf'
2019-06-05 14:56:24.497  INFO 24636 --- [main] c.z.s.SpringBootDemoApplication          : Started SpringBootDemoApplication in 1.393 seconds (JVM running for 2.038)
2019-06-05 14:56:24.500  INFO 24636 --- [main] c.z.s.SpringBootDemoApplication          : 
----------------------------------------------------------
	Application 'dev' is running! Access URLs:
	Local: 		http://192.168.1.7:8081
	----------------------------------------------------------
2019-06-05 14:56:24.502  INFO 24636 --- [main] c.z.s.SpringBootDemoApplication          : 程序启动完成!
2019-06-05 14:57:55.808  INFO 24636 --- [RMI TCP Connection(2)-127.0.0.1] inMXBeanRegistrar$SpringApplicationAdmin : Application shutdown requested.
2019-06-05 14:57:55.810  INFO 24636 --- [RMI TCP Connection(2)-127.0.0.1] o.s.s.concurrent.ThreadPoolTaskExecutor  : Shutting down ExecutorService 'applicationTaskExecutor'
2019-06-05 14:58:00.041  INFO 9540 --- [main] c.z.s.SpringBootDemoApplication          : Starting SpringBootDemoApplication on LAPTOP-K985UT82 with PID 9540 (D:\Java\Java_study\spring-boot-demo\spring-boot-demo\target\classes started by 86182 in D:\Java\Java_study\spring-boot-demo\spring-boot-demo)
2019-06-05 14:58:00.046  INFO 9540 --- [main] c.z.s.SpringBootDemoApplication          : The following profiles are active: uat
2019-06-05 14:58:00.717  INFO 9540 --- [main] o.s.b.w.embedded.tomcat.TomcatWebServer  : Tomcat initialized with port(s): 8081 (http)
2019-06-05 14:58:00.733  INFO 9540 --- [main] o.apache.catalina.core.StandardService   : Starting service [Tomcat]
2019-06-05 14:58:00.733  INFO 9540 --- [main] org.apache.catalina.core.StandardEngine  : Starting Servlet engine: [Apache Tomcat/9.0.19]
2019-06-05 14:58:00.797  INFO 9540 --- [main] o.a.c.c.C.[Tomcat].[localhost].[/zwf]    : Initializing Spring embedded WebApplicationContext
2019-06-05 14:58:00.797  INFO 9540 --- [main] o.s.web.context.ContextLoader            : Root WebApplicationContext: initialization completed in 723 ms
2019-06-05 14:58:00.946  INFO 9540 --- [main] o.s.s.concurrent.ThreadPoolTaskExecutor  : Initializing ExecutorService 'applicationTaskExecutor'
2019-06-05 14:58:01.071  INFO 9540 --- [main] o.s.b.w.embedded.tomcat.TomcatWebServer  : Tomcat started on port(s): 8081 (http) with context path '/zwf'
2019-06-05 14:58:01.075  INFO 9540 --- [main] c.z.s.SpringBootDemoApplication          : Started SpringBootDemoApplication in 1.365 seconds (JVM running for 2.029)
2019-06-05 14:58:01.077  INFO 9540 --- [main] c.z.s.SpringBootDemoApplication          : 
----------------------------------------------------------
	Application 'uat' is running! Access URLs:
	Local: 		http://192.168.1.7:8081
	----------------------------------------------------------
2019-06-05 14:58:01.079  INFO 9540 --- [main] c.z.s.SpringBootDemoApplication          : 程序启动完成!
2019-06-05 14:58:06.422  INFO 9540 --- [RMI TCP Connection(2)-127.0.0.1] inMXBeanRegistrar$SpringApplicationAdmin : Application shutdown requested.
2019-06-05 14:58:06.423  INFO 9540 --- [RMI TCP Connection(2)-127.0.0.1] o.s.s.concurrent.ThreadPoolTaskExecutor  : Shutting down ExecutorService 'applicationTaskExecutor'
2019-06-05 14:58:28.107  INFO 30228 --- [main] c.z.s.SpringBootDemoApplication          : Starting SpringBootDemoApplication on LAPTOP-K985UT82 with PID 30228 (D:\Java\Java_study\spring-boot-demo\spring-boot-demo\target\classes started by 86182 in D:\Java\Java_study\spring-boot-demo\spring-boot-demo)
2019-06-05 14:58:28.110  INFO 30228 --- [main] c.z.s.SpringBootDemoApplication          : The following profiles are active: uat
2019-06-05 14:58:28.777  INFO 30228 --- [main] o.s.b.w.embedded.tomcat.TomcatWebServer  : Tomcat initialized with port(s): 8081 (http)
2019-06-05 14:58:28.793  INFO 30228 --- [main] o.apache.catalina.core.StandardService   : Starting service [Tomcat]
2019-06-05 14:58:28.793  INFO 30228 --- [main] org.apache.catalina.core.StandardEngine  : Starting Servlet engine: [Apache Tomcat/9.0.19]
2019-06-05 14:58:28.856  INFO 30228 --- [main] o.a.c.c.C.[Tomcat].[localhost].[/zwf]    : Initializing Spring embedded WebApplicationContext
2019-06-05 14:58:28.856  INFO 30228 --- [main] o.s.web.context.ContextLoader            : Root WebApplicationContext: initialization completed in 716 ms
2019-06-05 14:58:29.006  INFO 30228 --- [main] o.s.s.concurrent.ThreadPoolTaskExecutor  : Initializing ExecutorService 'applicationTaskExecutor'
2019-06-05 14:58:29.126  INFO 30228 --- [main] o.s.b.w.embedded.tomcat.TomcatWebServer  : Tomcat started on port(s): 8081 (http) with context path '/zwf'
2019-06-05 14:58:29.130  INFO 30228 --- [main] c.z.s.SpringBootDemoApplication          : Started SpringBootDemoApplication in 1.343 seconds (JVM running for 1.974)
2019-06-05 14:58:29.132  INFO 30228 --- [main] c.z.s.SpringBootDemoApplication          : 
----------------------------------------------------------
	Application 'uat' is running! Access URLs:
	Local: 		http://192.168.1.7:8081
	----------------------------------------------------------
2019-06-05 14:58:29.133  INFO 30228 --- [main] c.z.s.SpringBootDemoApplication          : 程序启动完成!
2019-06-05 14:59:13.661  INFO 25992 --- [main] c.z.s.SpringBootDemoApplication          : Starting SpringBootDemoApplication on LAPTOP-K985UT82 with PID 25992 (D:\Java\Java_study\spring-boot-demo\spring-boot-demo\target\classes started by 86182 in D:\Java\Java_study\spring-boot-demo\spring-boot-demo)
2019-06-05 14:59:13.664  INFO 25992 --- [main] c.z.s.SpringBootDemoApplication          : The following profiles are active: prd
2019-06-05 14:59:14.331  INFO 25992 --- [main] o.s.b.w.embedded.tomcat.TomcatWebServer  : Tomcat initialized with port(s): 8081 (http)
2019-06-05 14:59:14.347  INFO 25992 --- [main] o.apache.catalina.core.StandardService   : Starting service [Tomcat]
2019-06-05 14:59:14.347  INFO 25992 --- [main] org.apache.catalina.core.StandardEngine  : Starting Servlet engine: [Apache Tomcat/9.0.19]
2019-06-05 14:59:14.408  INFO 25992 --- [main] o.a.c.c.C.[Tomcat].[localhost].[/zwf]    : Initializing Spring embedded WebApplicationContext
2019-06-05 14:59:14.408  INFO 25992 --- [main] o.s.web.context.ContextLoader            : Root WebApplicationContext: initialization completed in 714 ms
2019-06-05 14:59:14.557  INFO 25992 --- [main] o.s.s.concurrent.ThreadPoolTaskExecutor  : Initializing ExecutorService 'applicationTaskExecutor'
2019-06-05 14:59:14.666 ERROR 25992 --- [main] org.apache.catalina.util.LifecycleBase   : Failed to start component [Connector[HTTP/1.1-8081]]

org.apache.catalina.LifecycleException: Protocol handler start failed
	at org.apache.catalina.connector.Connector.startInternal(Connector.java:1008) ~[tomcat-embed-core-9.0.19.jar:9.0.19]
	at org.apache.catalina.util.LifecycleBase.start(LifecycleBase.java:183) ~[tomcat-embed-core-9.0.19.jar:9.0.19]
	at org.apache.catalina.core.StandardService.addConnector(StandardService.java:226) [tomcat-embed-core-9.0.19.jar:9.0.19]
	at org.springframework.boot.web.embedded.tomcat.TomcatWebServer.addPreviouslyRemovedConnectors(TomcatWebServer.java:259) [spring-boot-2.1.5.RELEASE.jar:2.1.5.RELEASE]
	at org.springframework.boot.web.embedded.tomcat.TomcatWebServer.start(TomcatWebServer.java:197) [spring-boot-2.1.5.RELEASE.jar:2.1.5.RELEASE]
	at org.springframework.boot.web.servlet.context.ServletWebServerApplicationContext.startWebServer(ServletWebServerApplicationContext.java:311) [spring-boot-2.1.5.RELEASE.jar:2.1.5.RELEASE]
	at org.springframework.boot.web.servlet.context.ServletWebServerApplicationContext.finishRefresh(ServletWebServerApplicationContext.java:164) [spring-boot-2.1.5.RELEASE.jar:2.1.5.RELEASE]
	at org.springframework.context.support.AbstractApplicationContext.refresh(AbstractApplicationContext.java:552) [spring-context-5.1.7.RELEASE.jar:5.1.7.RELEASE]
	at org.springframework.boot.web.servlet.context.ServletWebServerApplicationContext.refresh(ServletWebServerApplicationContext.java:142) [spring-boot-2.1.5.RELEASE.jar:2.1.5.RELEASE]
	at org.springframework.boot.SpringApplication.refresh(SpringApplication.java:775) [spring-boot-2.1.5.RELEASE.jar:2.1.5.RELEASE]
	at org.springframework.boot.SpringApplication.refreshContext(SpringApplication.java:397) [spring-boot-2.1.5.RELEASE.jar:2.1.5.RELEASE]
	at org.springframework.boot.SpringApplication.run(SpringApplication.java:316) [spring-boot-2.1.5.RELEASE.jar:2.1.5.RELEASE]
	at com.zwf.springbootdemo.SpringBootDemoApplication.main(SpringBootDemoApplication.java:22) [classes/:na]
Caused by: java.net.BindException: Address already in use: bind
	at sun.nio.ch.Net.bind0(Native Method) ~[na:1.8.0_152]
	at sun.nio.ch.Net.bind(Unknown Source) ~[na:1.8.0_152]
	at sun.nio.ch.Net.bind(Unknown Source) ~[na:1.8.0_152]
	at sun.nio.ch.ServerSocketChannelImpl.bind(Unknown Source) ~[na:1.8.0_152]
	at sun.nio.ch.ServerSocketAdaptor.bind(Unknown Source) ~[na:1.8.0_152]
	at org.apache.tomcat.util.net.NioEndpoint.initServerSocket(NioEndpoint.java:239) ~[tomcat-embed-core-9.0.19.jar:9.0.19]
	at org.apache.tomcat.util.net.NioEndpoint.bind(NioEndpoint.java:213) ~[tomcat-embed-core-9.0.19.jar:9.0.19]
	at org.apache.tomcat.util.net.AbstractEndpoint.bindWithCleanup(AbstractEndpoint.java:1116) ~[tomcat-embed-core-9.0.19.jar:9.0.19]
	at org.apache.tomcat.util.net.AbstractEndpoint.start(AbstractEndpoint.java:1202) ~[tomcat-embed-core-9.0.19.jar:9.0.19]
	at org.apache.coyote.AbstractProtocol.start(AbstractProtocol.java:568) ~[tomcat-embed-core-9.0.19.jar:9.0.19]
	at org.apache.catalina.connector.Connector.startInternal(Connector.java:1005) ~[tomcat-embed-core-9.0.19.jar:9.0.19]
	... 12 common frames omitted

2019-06-05 14:59:14.671  INFO 25992 --- [main] o.apache.catalina.core.StandardService   : Stopping service [Tomcat]
2019-06-05 14:59:14.680  INFO 25992 --- [main] ConditionEvaluationReportLoggingListener : 

Error starting ApplicationContext. To display the conditions report re-run your application with 'debug' enabled.
2019-06-05 14:59:14.683 ERROR 25992 --- [main] o.s.b.d.LoggingFailureAnalysisReporter   : 

***************************
APPLICATION FAILED TO START
***************************

Description:

The Tomcat connector configured to listen on port 8081 failed to start. The port may already be in use or the connector may be misconfigured.

Action:

Verify the connector's configuration, identify and stop any process that's listening on port 8081, or configure this application to listen on another port.

2019-06-05 14:59:14.685  INFO 25992 --- [main] o.s.s.concurrent.ThreadPoolTaskExecutor  : Shutting down ExecutorService 'applicationTaskExecutor'
2019-06-05 14:59:19.055  INFO 30228 --- [RMI TCP Connection(2)-127.0.0.1] inMXBeanRegistrar$SpringApplicationAdmin : Application shutdown requested.
2019-06-05 14:59:19.056  INFO 30228 --- [RMI TCP Connection(2)-127.0.0.1] o.s.s.concurrent.ThreadPoolTaskExecutor  : Shutting down ExecutorService 'applicationTaskExecutor'
2019-06-05 14:59:22.489  INFO 28008 --- [main] c.z.s.SpringBootDemoApplication          : Starting SpringBootDemoApplication on LAPTOP-K985UT82 with PID 28008 (D:\Java\Java_study\spring-boot-demo\spring-boot-demo\target\classes started by 86182 in D:\Java\Java_study\spring-boot-demo\spring-boot-demo)
2019-06-05 14:59:22.492  INFO 28008 --- [main] c.z.s.SpringBootDemoApplication          : The following profiles are active: prd
2019-06-05 14:59:23.157  INFO 28008 --- [main] o.s.b.w.embedded.tomcat.TomcatWebServer  : Tomcat initialized with port(s): 8081 (http)
2019-06-05 14:59:23.174  INFO 28008 --- [main] o.apache.catalina.core.StandardService   : Starting service [Tomcat]
2019-06-05 14:59:23.174  INFO 28008 --- [main] org.apache.catalina.core.StandardEngine  : Starting Servlet engine: [Apache Tomcat/9.0.19]
2019-06-05 14:59:23.238  INFO 28008 --- [main] o.a.c.c.C.[Tomcat].[localhost].[/zwf]    : Initializing Spring embedded WebApplicationContext
2019-06-05 14:59:23.239  INFO 28008 --- [main] o.s.web.context.ContextLoader            : Root WebApplicationContext: initialization completed in 716 ms
2019-06-05 14:59:23.393  INFO 28008 --- [main] o.s.s.concurrent.ThreadPoolTaskExecutor  : Initializing ExecutorService 'applicationTaskExecutor'
2019-06-05 14:59:23.513  INFO 28008 --- [main] o.s.b.w.embedded.tomcat.TomcatWebServer  : Tomcat started on port(s): 8081 (http) with context path '/zwf'
2019-06-05 14:59:23.516  INFO 28008 --- [main] c.z.s.SpringBootDemoApplication          : Started SpringBootDemoApplication in 1.337 seconds (JVM running for 2.0)
2019-06-05 14:59:23.518  INFO 28008 --- [main] c.z.s.SpringBootDemoApplication          : 
----------------------------------------------------------
	Application 'prd' is running! Access URLs:
	Local: 		http://192.168.1.7:8081
	----------------------------------------------------------
2019-06-05 14:59:23.519  INFO 28008 --- [main] c.z.s.SpringBootDemoApplication          : 程序启动完成!
2019-06-05 14:59:29.373  INFO 28008 --- [RMI TCP Connection(2)-127.0.0.1] inMXBeanRegistrar$SpringApplicationAdmin : Application shutdown requested.
2019-06-05 14:59:29.375  INFO 28008 --- [RMI TCP Connection(2)-127.0.0.1] o.s.s.concurrent.ThreadPoolTaskExecutor  : Shutting down ExecutorService 'applicationTaskExecutor'
2019-06-05 14:59:33.797  INFO 30148 --- [main] c.z.s.SpringBootDemoApplication          : Starting SpringBootDemoApplication on LAPTOP-K985UT82 with PID 30148 (D:\Java\Java_study\spring-boot-demo\spring-boot-demo\target\classes started by 86182 in D:\Java\Java_study\spring-boot-demo\spring-boot-demo)
2019-06-05 14:59:33.800  INFO 30148 --- [main] c.z.s.SpringBootDemoApplication          : The following profiles are active: dev
2019-06-05 14:59:34.460  INFO 30148 --- [main] o.s.b.w.embedded.tomcat.TomcatWebServer  : Tomcat initialized with port(s): 8081 (http)
2019-06-05 14:59:34.475  INFO 30148 --- [main] o.apache.catalina.core.StandardService   : Starting service [Tomcat]
2019-06-05 14:59:34.476  INFO 30148 --- [main] org.apache.catalina.core.StandardEngine  : Starting Servlet engine: [Apache Tomcat/9.0.19]
2019-06-05 14:59:34.539  INFO 30148 --- [main] o.a.c.c.C.[Tomcat].[localhost].[/zwf]    : Initializing Spring embedded WebApplicationContext
2019-06-05 14:59:34.539  INFO 30148 --- [main] o.s.web.context.ContextLoader            : Root WebApplicationContext: initialization completed in 710 ms
2019-06-05 14:59:34.690  INFO 30148 --- [main] o.s.s.concurrent.ThreadPoolTaskExecutor  : Initializing ExecutorService 'applicationTaskExecutor'
2019-06-05 14:59:34.813  INFO 30148 --- [main] o.s.b.w.embedded.tomcat.TomcatWebServer  : Tomcat started on port(s): 8081 (http) with context path '/zwf'
2019-06-05 14:59:34.816  INFO 30148 --- [main] c.z.s.SpringBootDemoApplication          : Started SpringBootDemoApplication in 1.332 seconds (JVM running for 1.974)
2019-06-05 14:59:34.820  INFO 30148 --- [main] c.z.s.SpringBootDemoApplication          : 
----------------------------------------------------------
	Application 'dev' is running! Access URLs:
	Local: 		http://192.168.1.7:8081
	----------------------------------------------------------
2019-06-05 14:59:34.821  INFO 30148 --- [main] c.z.s.SpringBootDemoApplication          : 程序启动完成!
2019-06-05 14:59:36.779  INFO 30148 --- [RMI TCP Connection(2)-127.0.0.1] inMXBeanRegistrar$SpringApplicationAdmin : Application shutdown requested.
2019-06-05 14:59:36.781  INFO 30148 --- [RMI TCP Connection(2)-127.0.0.1] o.s.s.concurrent.ThreadPoolTaskExecutor  : Shutting down ExecutorService 'applicationTaskExecutor'
2019-06-05 15:01:36.266  INFO 20440 --- [main] c.z.s.SpringBootDemoApplication          : Starting SpringBootDemoApplication on LAPTOP-K985UT82 with PID 20440 (D:\Java\Java_study\spring-boot-demo\spring-boot-demo\target\classes started by 86182 in D:\Java\Java_study\spring-boot-demo\spring-boot-demo)
2019-06-05 15:01:36.269  INFO 20440 --- [main] c.z.s.SpringBootDemoApplication          : The following profiles are active: dev
2019-06-05 15:01:37.005  INFO 20440 --- [main] o.s.b.w.embedded.tomcat.TomcatWebServer  : Tomcat initialized with port(s): 8081 (http)
2019-06-05 15:01:37.021  INFO 20440 --- [main] o.apache.catalina.core.StandardService   : Starting service [Tomcat]
2019-06-05 15:01:37.021  INFO 20440 --- [main] org.apache.catalina.core.StandardEngine  : Starting Servlet engine: [Apache Tomcat/9.0.19]
2019-06-05 15:01:37.082  INFO 20440 --- [main] o.a.c.c.C.[Tomcat].[localhost].[/zwf]    : Initializing Spring embedded WebApplicationContext
2019-06-05 15:01:37.082  INFO 20440 --- [main] o.s.web.context.ContextLoader            : Root WebApplicationContext: initialization completed in 778 ms
2019-06-05 15:01:37.247  INFO 20440 --- [main] o.s.s.concurrent.ThreadPoolTaskExecutor  : Initializing ExecutorService 'applicationTaskExecutor'
2019-06-05 15:01:37.339  INFO 20440 --- [main] c.a.d.s.b.a.DruidDataSourceAutoConfigure : Init DruidDataSource
2019-06-05 15:01:37.392  WARN 20440 --- [main] ConfigServletWebServerApplicationContext : Exception encountered during context initialization - cancelling refresh attempt: org.springframework.beans.factory.UnsatisfiedDependencyException: Error creating bean with name 'dataSource': Unsatisfied dependency expressed through field 'basicProperties'; nested exception is org.springframework.beans.factory.BeanCreationException: Error creating bean with name 'spring.datasource-org.springframework.boot.autoconfigure.jdbc.DataSourceProperties': Instantiation of bean failed; nested exception is org.springframework.beans.BeanInstantiationException: Failed to instantiate [org.springframework.boot.autoconfigure.jdbc.DataSourceProperties]: Constructor threw exception; nested exception is java.lang.NoClassDefFoundError: org/springframework/jdbc/datasource/embedded/EmbeddedDatabaseType
2019-06-05 15:01:37.392  INFO 20440 --- [main] o.s.s.concurrent.ThreadPoolTaskExecutor  : Shutting down ExecutorService 'applicationTaskExecutor'
2019-06-05 15:01:37.394  INFO 20440 --- [main] o.apache.catalina.core.StandardService   : Stopping service [Tomcat]
2019-06-05 15:01:37.410  INFO 20440 --- [main] ConditionEvaluationReportLoggingListener : 

Error starting ApplicationContext. To display the conditions report re-run your application with 'debug' enabled.
2019-06-05 15:01:37.416 ERROR 20440 --- [main] o.s.boot.SpringApplication               : Application run failed

org.springframework.beans.factory.UnsatisfiedDependencyException: Error creating bean with name 'dataSource': Unsatisfied dependency expressed through field 'basicProperties'; nested exception is org.springframework.beans.factory.BeanCreationException: Error creating bean with name 'spring.datasource-org.springframework.boot.autoconfigure.jdbc.DataSourceProperties': Instantiation of bean failed; nested exception is org.springframework.beans.BeanInstantiationException: Failed to instantiate [org.springframework.boot.autoconfigure.jdbc.DataSourceProperties]: Constructor threw exception; nested exception is java.lang.NoClassDefFoundError: org/springframework/jdbc/datasource/embedded/EmbeddedDatabaseType
	at org.springframework.beans.factory.annotation.AutowiredAnnotationBeanPostProcessor$AutowiredFieldElement.inject(AutowiredAnnotationBeanPostProcessor.java:596) ~[spring-beans-5.1.7.RELEASE.jar:5.1.7.RELEASE]
	at org.springframework.beans.factory.annotation.InjectionMetadata.inject(InjectionMetadata.java:90) ~[spring-beans-5.1.7.RELEASE.jar:5.1.7.RELEASE]
	at org.springframework.beans.factory.annotation.AutowiredAnnotationBeanPostProcessor.postProcessProperties(AutowiredAnnotationBeanPostProcessor.java:374) ~[spring-beans-5.1.7.RELEASE.jar:5.1.7.RELEASE]
	at org.springframework.beans.factory.support.AbstractAutowireCapableBeanFactory.populateBean(AbstractAutowireCapableBeanFactory.java:1411) ~[spring-beans-5.1.7.RELEASE.jar:5.1.7.RELEASE]
	at org.springframework.beans.factory.support.AbstractAutowireCapableBeanFactory.doCreateBean(AbstractAutowireCapableBeanFactory.java:592) ~[spring-beans-5.1.7.RELEASE.jar:5.1.7.RELEASE]
	at org.springframework.beans.factory.support.AbstractAutowireCapableBeanFactory.createBean(AbstractAutowireCapableBeanFactory.java:515) ~[spring-beans-5.1.7.RELEASE.jar:5.1.7.RELEASE]
	at org.springframework.beans.factory.support.AbstractBeanFactory.lambda$doGetBean$0(AbstractBeanFactory.java:320) ~[spring-beans-5.1.7.RELEASE.jar:5.1.7.RELEASE]
	at org.springframework.beans.factory.support.DefaultSingletonBeanRegistry.getSingleton(DefaultSingletonBeanRegistry.java:222) ~[spring-beans-5.1.7.RELEASE.jar:5.1.7.RELEASE]
	at org.springframework.beans.factory.support.AbstractBeanFactory.doGetBean(AbstractBeanFactory.java:318) ~[spring-beans-5.1.7.RELEASE.jar:5.1.7.RELEASE]
	at org.springframework.beans.factory.support.AbstractBeanFactory.getBean(AbstractBeanFactory.java:199) ~[spring-beans-5.1.7.RELEASE.jar:5.1.7.RELEASE]
	at org.springframework.beans.factory.support.DefaultListableBeanFactory.preInstantiateSingletons(DefaultListableBeanFactory.java:843) ~[spring-beans-5.1.7.RELEASE.jar:5.1.7.RELEASE]
	at org.springframework.context.support.AbstractApplicationContext.finishBeanFactoryInitialization(AbstractApplicationContext.java:877) ~[spring-context-5.1.7.RELEASE.jar:5.1.7.RELEASE]
	at org.springframework.context.support.AbstractApplicationContext.refresh(AbstractApplicationContext.java:549) ~[spring-context-5.1.7.RELEASE.jar:5.1.7.RELEASE]
	at org.springframework.boot.web.servlet.context.ServletWebServerApplicationContext.refresh(ServletWebServerApplicationContext.java:142) ~[spring-boot-2.1.5.RELEASE.jar:2.1.5.RELEASE]
	at org.springframework.boot.SpringApplication.refresh(SpringApplication.java:775) ~[spring-boot-2.1.5.RELEASE.jar:2.1.5.RELEASE]
	at org.springframework.boot.SpringApplication.refreshContext(SpringApplication.java:397) ~[spring-boot-2.1.5.RELEASE.jar:2.1.5.RELEASE]
	at org.springframework.boot.SpringApplication.run(SpringApplication.java:316) ~[spring-boot-2.1.5.RELEASE.jar:2.1.5.RELEASE]
	at com.zwf.springbootdemo.SpringBootDemoApplication.main(SpringBootDemoApplication.java:22) [classes/:na]
Caused by: org.springframework.beans.factory.BeanCreationException: Error creating bean with name 'spring.datasource-org.springframework.boot.autoconfigure.jdbc.DataSourceProperties': Instantiation of bean failed; nested exception is org.springframework.beans.BeanInstantiationException: Failed to instantiate [org.springframework.boot.autoconfigure.jdbc.DataSourceProperties]: Constructor threw exception; nested exception is java.lang.NoClassDefFoundError: org/springframework/jdbc/datasource/embedded/EmbeddedDatabaseType
	at org.springframework.beans.factory.support.AbstractAutowireCapableBeanFactory.instantiateBean(AbstractAutowireCapableBeanFactory.java:1303) ~[spring-beans-5.1.7.RELEASE.jar:5.1.7.RELEASE]
	at org.springframework.beans.factory.support.AbstractAutowireCapableBeanFactory.createBeanInstance(AbstractAutowireCapableBeanFactory.java:1197) ~[spring-beans-5.1.7.RELEASE.jar:5.1.7.RELEASE]
	at org.springframework.beans.factory.support.AbstractAutowireCapableBeanFactory.doCreateBean(AbstractAutowireCapableBeanFactory.java:555) ~[spring-beans-5.1.7.RELEASE.jar:5.1.7.RELEASE]
	at org.springframework.beans.factory.support.AbstractAutowireCapableBeanFactory.createBean(AbstractAutowireCapableBeanFactory.java:515) ~[spring-beans-5.1.7.RELEASE.jar:5.1.7.RELEASE]
	at org.springframework.beans.factory.support.AbstractBeanFactory.lambda$doGetBean$0(AbstractBeanFactory.java:320) ~[spring-beans-5.1.7.RELEASE.jar:5.1.7.RELEASE]
	at org.springframework.beans.factory.support.DefaultSingletonBeanRegistry.getSingleton(DefaultSingletonBeanRegistry.java:222) ~[spring-beans-5.1.7.RELEASE.jar:5.1.7.RELEASE]
	at org.springframework.beans.factory.support.AbstractBeanFactory.doGetBean(AbstractBeanFactory.java:318) ~[spring-beans-5.1.7.RELEASE.jar:5.1.7.RELEASE]
	at org.springframework.beans.factory.support.AbstractBeanFactory.getBean(AbstractBeanFactory.java:199) ~[spring-beans-5.1.7.RELEASE.jar:5.1.7.RELEASE]
	at org.springframework.beans.factory.config.DependencyDescriptor.resolveCandidate(DependencyDescriptor.java:277) ~[spring-beans-5.1.7.RELEASE.jar:5.1.7.RELEASE]
	at org.springframework.beans.factory.support.DefaultListableBeanFactory.doResolveDependency(DefaultListableBeanFactory.java:1248) ~[spring-beans-5.1.7.RELEASE.jar:5.1.7.RELEASE]
	at org.springframework.beans.factory.support.DefaultListableBeanFactory.resolveDependency(DefaultListableBeanFactory.java:1168) ~[spring-beans-5.1.7.RELEASE.jar:5.1.7.RELEASE]
	at org.springframework.beans.factory.annotation.AutowiredAnnotationBeanPostProcessor$AutowiredFieldElement.inject(AutowiredAnnotationBeanPostProcessor.java:593) ~[spring-beans-5.1.7.RELEASE.jar:5.1.7.RELEASE]
	... 17 common frames omitted
Caused by: org.springframework.beans.BeanInstantiationException: Failed to instantiate [org.springframework.boot.autoconfigure.jdbc.DataSourceProperties]: Constructor threw exception; nested exception is java.lang.NoClassDefFoundError: org/springframework/jdbc/datasource/embedded/EmbeddedDatabaseType
	at org.springframework.beans.BeanUtils.instantiateClass(BeanUtils.java:184) ~[spring-beans-5.1.7.RELEASE.jar:5.1.7.RELEASE]
	at org.springframework.beans.factory.support.SimpleInstantiationStrategy.instantiate(SimpleInstantiationStrategy.java:87) ~[spring-beans-5.1.7.RELEASE.jar:5.1.7.RELEASE]
	at org.springframework.beans.factory.support.AbstractAutowireCapableBeanFactory.instantiateBean(AbstractAutowireCapableBeanFactory.java:1295) ~[spring-beans-5.1.7.RELEASE.jar:5.1.7.RELEASE]
	... 28 common frames omitted
Caused by: java.lang.NoClassDefFoundError: org/springframework/jdbc/datasource/embedded/EmbeddedDatabaseType
	at org.springframework.boot.jdbc.EmbeddedDatabaseConnection.<clinit>(EmbeddedDatabaseConnection.java:50) ~[spring-boot-2.1.5.RELEASE.jar:2.1.5.RELEASE]
	at org.springframework.boot.autoconfigure.jdbc.DataSourceProperties.<init>(DataSourceProperties.java:152) ~[spring-boot-autoconfigure-2.1.5.RELEASE.jar:2.1.5.RELEASE]
	at sun.reflect.NativeConstructorAccessorImpl.newInstance0(Native Method) ~[na:1.8.0_152]
	at sun.reflect.NativeConstructorAccessorImpl.newInstance(Unknown Source) ~[na:1.8.0_152]
	at sun.reflect.DelegatingConstructorAccessorImpl.newInstance(Unknown Source) ~[na:1.8.0_152]
	at java.lang.reflect.Constructor.newInstance(Unknown Source) ~[na:1.8.0_152]
	at org.springframework.beans.BeanUtils.instantiateClass(BeanUtils.java:172) ~[spring-beans-5.1.7.RELEASE.jar:5.1.7.RELEASE]
	... 30 common frames omitted
Caused by: java.lang.ClassNotFoundException: org.springframework.jdbc.datasource.embedded.EmbeddedDatabaseType
	at java.net.URLClassLoader.findClass(Unknown Source) ~[na:1.8.0_152]
	at java.lang.ClassLoader.loadClass(Unknown Source) ~[na:1.8.0_152]
	at sun.misc.Launcher$AppClassLoader.loadClass(Unknown Source) ~[na:1.8.0_152]
	at java.lang.ClassLoader.loadClass(Unknown Source) ~[na:1.8.0_152]
	... 37 common frames omitted

2019-06-05 15:07:02.266  INFO 30888 --- [main] c.z.s.SpringBootDemoApplication          : Starting SpringBootDemoApplication on LAPTOP-K985UT82 with PID 30888 (D:\Java\Java_study\spring-boot-demo\spring-boot-demo\target\classes started by 86182 in D:\Java\Java_study\spring-boot-demo\spring-boot-demo)
2019-06-05 15:07:02.267  INFO 30888 --- [main] c.z.s.SpringBootDemoApplication          : The following profiles are active: dev
2019-06-05 15:07:02.851  INFO 30888 --- [main] o.s.b.w.embedded.tomcat.TomcatWebServer  : Tomcat initialized with port(s): 8081 (http)
2019-06-05 15:07:02.867  INFO 30888 --- [main] o.apache.catalina.core.StandardService   : Starting service [Tomcat]
2019-06-05 15:07:02.867  INFO 30888 --- [main] org.apache.catalina.core.StandardEngine  : Starting Servlet engine: [Apache Tomcat/9.0.19]
2019-06-05 15:07:02.928  INFO 30888 --- [main] o.a.c.c.C.[Tomcat].[localhost].[/zwf]    : Initializing Spring embedded WebApplicationContext
2019-06-05 15:07:02.929  INFO 30888 --- [main] o.s.web.context.ContextLoader            : Root WebApplicationContext: initialization completed in 640 ms
2019-06-05 15:07:03.082  INFO 30888 --- [main] o.s.s.concurrent.ThreadPoolTaskExecutor  : Initializing ExecutorService 'applicationTaskExecutor'
2019-06-05 15:07:03.170  INFO 30888 --- [main] c.a.d.s.b.a.DruidDataSourceAutoConfigure : Init DruidDataSource
2019-06-05 15:07:03.223  WARN 30888 --- [main] ConfigServletWebServerApplicationContext : Exception encountered during context initialization - cancelling refresh attempt: org.springframework.beans.factory.UnsatisfiedDependencyException: Error creating bean with name 'dataSource': Unsatisfied dependency expressed through field 'basicProperties'; nested exception is org.springframework.beans.factory.BeanCreationException: Error creating bean with name 'spring.datasource-org.springframework.boot.autoconfigure.jdbc.DataSourceProperties': Instantiation of bean failed; nested exception is org.springframework.beans.BeanInstantiationException: Failed to instantiate [org.springframework.boot.autoconfigure.jdbc.DataSourceProperties]: Constructor threw exception; nested exception is java.lang.NoClassDefFoundError: org/springframework/jdbc/datasource/embedded/EmbeddedDatabaseType
2019-06-05 15:07:03.223  INFO 30888 --- [main] o.s.s.concurrent.ThreadPoolTaskExecutor  : Shutting down ExecutorService 'applicationTaskExecutor'
2019-06-05 15:07:03.226  INFO 30888 --- [main] o.apache.catalina.core.StandardService   : Stopping service [Tomcat]
2019-06-05 15:07:03.241  INFO 30888 --- [main] ConditionEvaluationReportLoggingListener : 

Error starting ApplicationContext. To display the conditions report re-run your application with 'debug' enabled.
2019-06-05 15:07:03.247 ERROR 30888 --- [main] o.s.boot.SpringApplication               : Application run failed

org.springframework.beans.factory.UnsatisfiedDependencyException: Error creating bean with name 'dataSource': Unsatisfied dependency expressed through field 'basicProperties'; nested exception is org.springframework.beans.factory.BeanCreationException: Error creating bean with name 'spring.datasource-org.springframework.boot.autoconfigure.jdbc.DataSourceProperties': Instantiation of bean failed; nested exception is org.springframework.beans.BeanInstantiationException: Failed to instantiate [org.springframework.boot.autoconfigure.jdbc.DataSourceProperties]: Constructor threw exception; nested exception is java.lang.NoClassDefFoundError: org/springframework/jdbc/datasource/embedded/EmbeddedDatabaseType
	at org.springframework.beans.factory.annotation.AutowiredAnnotationBeanPostProcessor$AutowiredFieldElement.inject(AutowiredAnnotationBeanPostProcessor.java:596) ~[spring-beans-5.1.7.RELEASE.jar:5.1.7.RELEASE]
	at org.springframework.beans.factory.annotation.InjectionMetadata.inject(InjectionMetadata.java:90) ~[spring-beans-5.1.7.RELEASE.jar:5.1.7.RELEASE]
	at org.springframework.beans.factory.annotation.AutowiredAnnotationBeanPostProcessor.postProcessProperties(AutowiredAnnotationBeanPostProcessor.java:374) ~[spring-beans-5.1.7.RELEASE.jar:5.1.7.RELEASE]
	at org.springframework.beans.factory.support.AbstractAutowireCapableBeanFactory.populateBean(AbstractAutowireCapableBeanFactory.java:1411) ~[spring-beans-5.1.7.RELEASE.jar:5.1.7.RELEASE]
	at org.springframework.beans.factory.support.AbstractAutowireCapableBeanFactory.doCreateBean(AbstractAutowireCapableBeanFactory.java:592) ~[spring-beans-5.1.7.RELEASE.jar:5.1.7.RELEASE]
	at org.springframework.beans.factory.support.AbstractAutowireCapableBeanFactory.createBean(AbstractAutowireCapableBeanFactory.java:515) ~[spring-beans-5.1.7.RELEASE.jar:5.1.7.RELEASE]
	at org.springframework.beans.factory.support.AbstractBeanFactory.lambda$doGetBean$0(AbstractBeanFactory.java:320) ~[spring-beans-5.1.7.RELEASE.jar:5.1.7.RELEASE]
	at org.springframework.beans.factory.support.DefaultSingletonBeanRegistry.getSingleton(DefaultSingletonBeanRegistry.java:222) ~[spring-beans-5.1.7.RELEASE.jar:5.1.7.RELEASE]
	at org.springframework.beans.factory.support.AbstractBeanFactory.doGetBean(AbstractBeanFactory.java:318) ~[spring-beans-5.1.7.RELEASE.jar:5.1.7.RELEASE]
	at org.springframework.beans.factory.support.AbstractBeanFactory.getBean(AbstractBeanFactory.java:199) ~[spring-beans-5.1.7.RELEASE.jar:5.1.7.RELEASE]
	at org.springframework.beans.factory.support.DefaultListableBeanFactory.preInstantiateSingletons(DefaultListableBeanFactory.java:843) ~[spring-beans-5.1.7.RELEASE.jar:5.1.7.RELEASE]
	at org.springframework.context.support.AbstractApplicationContext.finishBeanFactoryInitialization(AbstractApplicationContext.java:877) ~[spring-context-5.1.7.RELEASE.jar:5.1.7.RELEASE]
	at org.springframework.context.support.AbstractApplicationContext.refresh(AbstractApplicationContext.java:549) ~[spring-context-5.1.7.RELEASE.jar:5.1.7.RELEASE]
	at org.springframework.boot.web.servlet.context.ServletWebServerApplicationContext.refresh(ServletWebServerApplicationContext.java:142) ~[spring-boot-2.1.5.RELEASE.jar:2.1.5.RELEASE]
	at org.springframework.boot.SpringApplication.refresh(SpringApplication.java:775) ~[spring-boot-2.1.5.RELEASE.jar:2.1.5.RELEASE]
	at org.springframework.boot.SpringApplication.refreshContext(SpringApplication.java:397) ~[spring-boot-2.1.5.RELEASE.jar:2.1.5.RELEASE]
	at org.springframework.boot.SpringApplication.run(SpringApplication.java:316) ~[spring-boot-2.1.5.RELEASE.jar:2.1.5.RELEASE]
	at com.zwf.springbootdemo.SpringBootDemoApplication.main(SpringBootDemoApplication.java:22) [classes/:na]
Caused by: org.springframework.beans.factory.BeanCreationException: Error creating bean with name 'spring.datasource-org.springframework.boot.autoconfigure.jdbc.DataSourceProperties': Instantiation of bean failed; nested exception is org.springframework.beans.BeanInstantiationException: Failed to instantiate [org.springframework.boot.autoconfigure.jdbc.DataSourceProperties]: Constructor threw exception; nested exception is java.lang.NoClassDefFoundError: org/springframework/jdbc/datasource/embedded/EmbeddedDatabaseType
	at org.springframework.beans.factory.support.AbstractAutowireCapableBeanFactory.instantiateBean(AbstractAutowireCapableBeanFactory.java:1303) ~[spring-beans-5.1.7.RELEASE.jar:5.1.7.RELEASE]
	at org.springframework.beans.factory.support.AbstractAutowireCapableBeanFactory.createBeanInstance(AbstractAutowireCapableBeanFactory.java:1197) ~[spring-beans-5.1.7.RELEASE.jar:5.1.7.RELEASE]
	at org.springframework.beans.factory.support.AbstractAutowireCapableBeanFactory.doCreateBean(AbstractAutowireCapableBeanFactory.java:555) ~[spring-beans-5.1.7.RELEASE.jar:5.1.7.RELEASE]
	at org.springframework.beans.factory.support.AbstractAutowireCapableBeanFactory.createBean(AbstractAutowireCapableBeanFactory.java:515) ~[spring-beans-5.1.7.RELEASE.jar:5.1.7.RELEASE]
	at org.springframework.beans.factory.support.AbstractBeanFactory.lambda$doGetBean$0(AbstractBeanFactory.java:320) ~[spring-beans-5.1.7.RELEASE.jar:5.1.7.RELEASE]
	at org.springframework.beans.factory.support.DefaultSingletonBeanRegistry.getSingleton(DefaultSingletonBeanRegistry.java:222) ~[spring-beans-5.1.7.RELEASE.jar:5.1.7.RELEASE]
	at org.springframework.beans.factory.support.AbstractBeanFactory.doGetBean(AbstractBeanFactory.java:318) ~[spring-beans-5.1.7.RELEASE.jar:5.1.7.RELEASE]
	at org.springframework.beans.factory.support.AbstractBeanFactory.getBean(AbstractBeanFactory.java:199) ~[spring-beans-5.1.7.RELEASE.jar:5.1.7.RELEASE]
	at org.springframework.beans.factory.config.DependencyDescriptor.resolveCandidate(DependencyDescriptor.java:277) ~[spring-beans-5.1.7.RELEASE.jar:5.1.7.RELEASE]
	at org.springframework.beans.factory.support.DefaultListableBeanFactory.doResolveDependency(DefaultListableBeanFactory.java:1248) ~[spring-beans-5.1.7.RELEASE.jar:5.1.7.RELEASE]
	at org.springframework.beans.factory.support.DefaultListableBeanFactory.resolveDependency(DefaultListableBeanFactory.java:1168) ~[spring-beans-5.1.7.RELEASE.jar:5.1.7.RELEASE]
	at org.springframework.beans.factory.annotation.AutowiredAnnotationBeanPostProcessor$AutowiredFieldElement.inject(AutowiredAnnotationBeanPostProcessor.java:593) ~[spring-beans-5.1.7.RELEASE.jar:5.1.7.RELEASE]
	... 17 common frames omitted
Caused by: org.springframework.beans.BeanInstantiationException: Failed to instantiate [org.springframework.boot.autoconfigure.jdbc.DataSourceProperties]: Constructor threw exception; nested exception is java.lang.NoClassDefFoundError: org/springframework/jdbc/datasource/embedded/EmbeddedDatabaseType
	at org.springframework.beans.BeanUtils.instantiateClass(BeanUtils.java:184) ~[spring-beans-5.1.7.RELEASE.jar:5.1.7.RELEASE]
	at org.springframework.beans.factory.support.SimpleInstantiationStrategy.instantiate(SimpleInstantiationStrategy.java:87) ~[spring-beans-5.1.7.RELEASE.jar:5.1.7.RELEASE]
	at org.springframework.beans.factory.support.AbstractAutowireCapableBeanFactory.instantiateBean(AbstractAutowireCapableBeanFactory.java:1295) ~[spring-beans-5.1.7.RELEASE.jar:5.1.7.RELEASE]
	... 28 common frames omitted
Caused by: java.lang.NoClassDefFoundError: org/springframework/jdbc/datasource/embedded/EmbeddedDatabaseType
	at org.springframework.boot.jdbc.EmbeddedDatabaseConnection.<clinit>(EmbeddedDatabaseConnection.java:50) ~[spring-boot-2.1.5.RELEASE.jar:2.1.5.RELEASE]
	at org.springframework.boot.autoconfigure.jdbc.DataSourceProperties.<init>(DataSourceProperties.java:152) ~[spring-boot-autoconfigure-2.1.5.RELEASE.jar:2.1.5.RELEASE]
	at sun.reflect.NativeConstructorAccessorImpl.newInstance0(Native Method) ~[na:1.8.0_152]
	at sun.reflect.NativeConstructorAccessorImpl.newInstance(Unknown Source) ~[na:1.8.0_152]
	at sun.reflect.DelegatingConstructorAccessorImpl.newInstance(Unknown Source) ~[na:1.8.0_152]
	at java.lang.reflect.Constructor.newInstance(Unknown Source) ~[na:1.8.0_152]
	at org.springframework.beans.BeanUtils.instantiateClass(BeanUtils.java:172) ~[spring-beans-5.1.7.RELEASE.jar:5.1.7.RELEASE]
	... 30 common frames omitted
Caused by: java.lang.ClassNotFoundException: org.springframework.jdbc.datasource.embedded.EmbeddedDatabaseType
	at java.net.URLClassLoader.findClass(Unknown Source) ~[na:1.8.0_152]
	at java.lang.ClassLoader.loadClass(Unknown Source) ~[na:1.8.0_152]
	at sun.misc.Launcher$AppClassLoader.loadClass(Unknown Source) ~[na:1.8.0_152]
	at java.lang.ClassLoader.loadClass(Unknown Source) ~[na:1.8.0_152]
	... 37 common frames omitted

2019-06-05 15:08:22.150  INFO 8048 --- [main] c.z.s.SpringBootDemoApplication          : Starting SpringBootDemoApplication on LAPTOP-K985UT82 with PID 8048 (D:\Java\Java_study\spring-boot-demo\spring-boot-demo\target\classes started by 86182 in D:\Java\Java_study\spring-boot-demo\spring-boot-demo)
2019-06-05 15:08:22.154  INFO 8048 --- [main] c.z.s.SpringBootDemoApplication          : The following profiles are active: dev
2019-06-05 15:08:22.730  INFO 8048 --- [main] o.s.b.w.embedded.tomcat.TomcatWebServer  : Tomcat initialized with port(s): 8081 (http)
2019-06-05 15:08:22.745  INFO 8048 --- [main] o.apache.catalina.core.StandardService   : Starting service [Tomcat]
2019-06-05 15:08:22.745  INFO 8048 --- [main] org.apache.catalina.core.StandardEngine  : Starting Servlet engine: [Apache Tomcat/9.0.19]
2019-06-05 15:08:22.797  INFO 8048 --- [main] o.a.c.c.C.[Tomcat].[localhost].[/zwf]    : Initializing Spring embedded WebApplicationContext
2019-06-05 15:08:22.797  INFO 8048 --- [main] o.s.web.context.ContextLoader            : Root WebApplicationContext: initialization completed in 619 ms
2019-06-05 15:08:22.933  INFO 8048 --- [main] o.s.s.concurrent.ThreadPoolTaskExecutor  : Initializing ExecutorService 'applicationTaskExecutor'
2019-06-05 15:08:23.007  INFO 8048 --- [main] c.a.d.s.b.a.DruidDataSourceAutoConfigure : Init DruidDataSource
2019-06-05 15:08:23.039  WARN 8048 --- [main] ConfigServletWebServerApplicationContext : Exception encountered during context initialization - cancelling refresh attempt: org.springframework.beans.factory.UnsatisfiedDependencyException: Error creating bean with name 'dataSource': Unsatisfied dependency expressed through field 'basicProperties'; nested exception is org.springframework.beans.factory.BeanCreationException: Error creating bean with name 'spring.datasource-org.springframework.boot.autoconfigure.jdbc.DataSourceProperties': Instantiation of bean failed; nested exception is org.springframework.beans.BeanInstantiationException: Failed to instantiate [org.springframework.boot.autoconfigure.jdbc.DataSourceProperties]: Constructor threw exception; nested exception is java.lang.NoClassDefFoundError: org/springframework/jdbc/datasource/embedded/EmbeddedDatabaseType
2019-06-05 15:08:23.039  INFO 8048 --- [main] o.s.s.concurrent.ThreadPoolTaskExecutor  : Shutting down ExecutorService 'applicationTaskExecutor'
2019-06-05 15:08:23.050  INFO 8048 --- [main] o.apache.catalina.core.StandardService   : Stopping service [Tomcat]
2019-06-05 15:08:23.063  INFO 8048 --- [main] ConditionEvaluationReportLoggingListener : 

Error starting ApplicationContext. To display the conditions report re-run your application with 'debug' enabled.
2019-06-05 15:08:23.068 ERROR 8048 --- [main] o.s.boot.SpringApplication               : Application run failed

org.springframework.beans.factory.UnsatisfiedDependencyException: Error creating bean with name 'dataSource': Unsatisfied dependency expressed through field 'basicProperties'; nested exception is org.springframework.beans.factory.BeanCreationException: Error creating bean with name 'spring.datasource-org.springframework.boot.autoconfigure.jdbc.DataSourceProperties': Instantiation of bean failed; nested exception is org.springframework.beans.BeanInstantiationException: Failed to instantiate [org.springframework.boot.autoconfigure.jdbc.DataSourceProperties]: Constructor threw exception; nested exception is java.lang.NoClassDefFoundError: org/springframework/jdbc/datasource/embedded/EmbeddedDatabaseType
	at org.springframework.beans.factory.annotation.AutowiredAnnotationBeanPostProcessor$AutowiredFieldElement.inject(AutowiredAnnotationBeanPostProcessor.java:596) ~[spring-beans-5.1.7.RELEASE.jar:5.1.7.RELEASE]
	at org.springframework.beans.factory.annotation.InjectionMetadata.inject(InjectionMetadata.java:90) ~[spring-beans-5.1.7.RELEASE.jar:5.1.7.RELEASE]
	at org.springframework.beans.factory.annotation.AutowiredAnnotationBeanPostProcessor.postProcessProperties(AutowiredAnnotationBeanPostProcessor.java:374) ~[spring-beans-5.1.7.RELEASE.jar:5.1.7.RELEASE]
	at org.springframework.beans.factory.support.AbstractAutowireCapableBeanFactory.populateBean(AbstractAutowireCapableBeanFactory.java:1411) ~[spring-beans-5.1.7.RELEASE.jar:5.1.7.RELEASE]
	at org.springframework.beans.factory.support.AbstractAutowireCapableBeanFactory.doCreateBean(AbstractAutowireCapableBeanFactory.java:592) ~[spring-beans-5.1.7.RELEASE.jar:5.1.7.RELEASE]
	at org.springframework.beans.factory.support.AbstractAutowireCapableBeanFactory.createBean(AbstractAutowireCapableBeanFactory.java:515) ~[spring-beans-5.1.7.RELEASE.jar:5.1.7.RELEASE]
	at org.springframework.beans.factory.support.AbstractBeanFactory.lambda$doGetBean$0(AbstractBeanFactory.java:320) ~[spring-beans-5.1.7.RELEASE.jar:5.1.7.RELEASE]
	at org.springframework.beans.factory.support.DefaultSingletonBeanRegistry.getSingleton(DefaultSingletonBeanRegistry.java:222) ~[spring-beans-5.1.7.RELEASE.jar:5.1.7.RELEASE]
	at org.springframework.beans.factory.support.AbstractBeanFactory.doGetBean(AbstractBeanFactory.java:318) ~[spring-beans-5.1.7.RELEASE.jar:5.1.7.RELEASE]
	at org.springframework.beans.factory.support.AbstractBeanFactory.getBean(AbstractBeanFactory.java:199) ~[spring-beans-5.1.7.RELEASE.jar:5.1.7.RELEASE]
	at org.springframework.beans.factory.support.DefaultListableBeanFactory.preInstantiateSingletons(DefaultListableBeanFactory.java:843) ~[spring-beans-5.1.7.RELEASE.jar:5.1.7.RELEASE]
	at org.springframework.context.support.AbstractApplicationContext.finishBeanFactoryInitialization(AbstractApplicationContext.java:877) ~[spring-context-5.1.7.RELEASE.jar:5.1.7.RELEASE]
	at org.springframework.context.support.AbstractApplicationContext.refresh(AbstractApplicationContext.java:549) ~[spring-context-5.1.7.RELEASE.jar:5.1.7.RELEASE]
	at org.springframework.boot.web.servlet.context.ServletWebServerApplicationContext.refresh(ServletWebServerApplicationContext.java:142) ~[spring-boot-2.1.5.RELEASE.jar:2.1.5.RELEASE]
	at org.springframework.boot.SpringApplication.refresh(SpringApplication.java:775) ~[spring-boot-2.1.5.RELEASE.jar:2.1.5.RELEASE]
	at org.springframework.boot.SpringApplication.refreshContext(SpringApplication.java:397) ~[spring-boot-2.1.5.RELEASE.jar:2.1.5.RELEASE]
	at org.springframework.boot.SpringApplication.run(SpringApplication.java:316) ~[spring-boot-2.1.5.RELEASE.jar:2.1.5.RELEASE]
	at com.zwf.springbootdemo.SpringBootDemoApplication.main(SpringBootDemoApplication.java:22) [classes/:na]
Caused by: org.springframework.beans.factory.BeanCreationException: Error creating bean with name 'spring.datasource-org.springframework.boot.autoconfigure.jdbc.DataSourceProperties': Instantiation of bean failed; nested exception is org.springframework.beans.BeanInstantiationException: Failed to instantiate [org.springframework.boot.autoconfigure.jdbc.DataSourceProperties]: Constructor threw exception; nested exception is java.lang.NoClassDefFoundError: org/springframework/jdbc/datasource/embedded/EmbeddedDatabaseType
	at org.springframework.beans.factory.support.AbstractAutowireCapableBeanFactory.instantiateBean(AbstractAutowireCapableBeanFactory.java:1303) ~[spring-beans-5.1.7.RELEASE.jar:5.1.7.RELEASE]
	at org.springframework.beans.factory.support.AbstractAutowireCapableBeanFactory.createBeanInstance(AbstractAutowireCapableBeanFactory.java:1197) ~[spring-beans-5.1.7.RELEASE.jar:5.1.7.RELEASE]
	at org.springframework.beans.factory.support.AbstractAutowireCapableBeanFactory.doCreateBean(AbstractAutowireCapableBeanFactory.java:555) ~[spring-beans-5.1.7.RELEASE.jar:5.1.7.RELEASE]
	at org.springframework.beans.factory.support.AbstractAutowireCapableBeanFactory.createBean(AbstractAutowireCapableBeanFactory.java:515) ~[spring-beans-5.1.7.RELEASE.jar:5.1.7.RELEASE]
	at org.springframework.beans.factory.support.AbstractBeanFactory.lambda$doGetBean$0(AbstractBeanFactory.java:320) ~[spring-beans-5.1.7.RELEASE.jar:5.1.7.RELEASE]
	at org.springframework.beans.factory.support.DefaultSingletonBeanRegistry.getSingleton(DefaultSingletonBeanRegistry.java:222) ~[spring-beans-5.1.7.RELEASE.jar:5.1.7.RELEASE]
	at org.springframework.beans.factory.support.AbstractBeanFactory.doGetBean(AbstractBeanFactory.java:318) ~[spring-beans-5.1.7.RELEASE.jar:5.1.7.RELEASE]
	at org.springframework.beans.factory.support.AbstractBeanFactory.getBean(AbstractBeanFactory.java:199) ~[spring-beans-5.1.7.RELEASE.jar:5.1.7.RELEASE]
	at org.springframework.beans.factory.config.DependencyDescriptor.resolveCandidate(DependencyDescriptor.java:277) ~[spring-beans-5.1.7.RELEASE.jar:5.1.7.RELEASE]
	at org.springframework.beans.factory.support.DefaultListableBeanFactory.doResolveDependency(DefaultListableBeanFactory.java:1248) ~[spring-beans-5.1.7.RELEASE.jar:5.1.7.RELEASE]
	at org.springframework.beans.factory.support.DefaultListableBeanFactory.resolveDependency(DefaultListableBeanFactory.java:1168) ~[spring-beans-5.1.7.RELEASE.jar:5.1.7.RELEASE]
	at org.springframework.beans.factory.annotation.AutowiredAnnotationBeanPostProcessor$AutowiredFieldElement.inject(AutowiredAnnotationBeanPostProcessor.java:593) ~[spring-beans-5.1.7.RELEASE.jar:5.1.7.RELEASE]
	... 17 common frames omitted
Caused by: org.springframework.beans.BeanInstantiationException: Failed to instantiate [org.springframework.boot.autoconfigure.jdbc.DataSourceProperties]: Constructor threw exception; nested exception is java.lang.NoClassDefFoundError: org/springframework/jdbc/datasource/embedded/EmbeddedDatabaseType
	at org.springframework.beans.BeanUtils.instantiateClass(BeanUtils.java:184) ~[spring-beans-5.1.7.RELEASE.jar:5.1.7.RELEASE]
	at org.springframework.beans.factory.support.SimpleInstantiationStrategy.instantiate(SimpleInstantiationStrategy.java:87) ~[spring-beans-5.1.7.RELEASE.jar:5.1.7.RELEASE]
	at org.springframework.beans.factory.support.AbstractAutowireCapableBeanFactory.instantiateBean(AbstractAutowireCapableBeanFactory.java:1295) ~[spring-beans-5.1.7.RELEASE.jar:5.1.7.RELEASE]
	... 28 common frames omitted
Caused by: java.lang.NoClassDefFoundError: org/springframework/jdbc/datasource/embedded/EmbeddedDatabaseType
	at org.springframework.boot.jdbc.EmbeddedDatabaseConnection.<clinit>(EmbeddedDatabaseConnection.java:50) ~[spring-boot-2.1.5.RELEASE.jar:2.1.5.RELEASE]
	at org.springframework.boot.autoconfigure.jdbc.DataSourceProperties.<init>(DataSourceProperties.java:152) ~[spring-boot-autoconfigure-2.1.5.RELEASE.jar:2.1.5.RELEASE]
	at sun.reflect.NativeConstructorAccessorImpl.newInstance0(Native Method) ~[na:1.8.0_152]
	at sun.reflect.NativeConstructorAccessorImpl.newInstance(Unknown Source) ~[na:1.8.0_152]
	at sun.reflect.DelegatingConstructorAccessorImpl.newInstance(Unknown Source) ~[na:1.8.0_152]
	at java.lang.reflect.Constructor.newInstance(Unknown Source) ~[na:1.8.0_152]
	at org.springframework.beans.BeanUtils.instantiateClass(BeanUtils.java:172) ~[spring-beans-5.1.7.RELEASE.jar:5.1.7.RELEASE]
	... 30 common frames omitted
Caused by: java.lang.ClassNotFoundException: org.springframework.jdbc.datasource.embedded.EmbeddedDatabaseType
	at java.net.URLClassLoader.findClass(Unknown Source) ~[na:1.8.0_152]
	at java.lang.ClassLoader.loadClass(Unknown Source) ~[na:1.8.0_152]
	at sun.misc.Launcher$AppClassLoader.loadClass(Unknown Source) ~[na:1.8.0_152]
	at java.lang.ClassLoader.loadClass(Unknown Source) ~[na:1.8.0_152]
	... 37 common frames omitted

2019-06-05 15:08:52.739  INFO 35392 --- [main] c.z.s.SpringBootDemoApplication          : Starting SpringBootDemoApplication on LAPTOP-K985UT82 with PID 35392 (D:\Java\Java_study\spring-boot-demo\spring-boot-demo\target\classes started by 86182 in D:\Java\Java_study\spring-boot-demo\spring-boot-demo)
2019-06-05 15:08:52.742  INFO 35392 --- [main] c.z.s.SpringBootDemoApplication          : The following profiles are active: dev
2019-06-05 15:08:53.412  INFO 35392 --- [main] o.s.b.w.embedded.tomcat.TomcatWebServer  : Tomcat initialized with port(s): 8081 (http)
2019-06-05 15:08:53.428  INFO 35392 --- [main] o.apache.catalina.core.StandardService   : Starting service [Tomcat]
2019-06-05 15:08:53.428  INFO 35392 --- [main] org.apache.catalina.core.StandardEngine  : Starting Servlet engine: [Apache Tomcat/9.0.19]
2019-06-05 15:08:53.490  INFO 35392 --- [main] o.a.c.c.C.[Tomcat].[localhost].[/zwf]    : Initializing Spring embedded WebApplicationContext
2019-06-05 15:08:53.491  INFO 35392 --- [main] o.s.web.context.ContextLoader            : Root WebApplicationContext: initialization completed in 716 ms
2019-06-05 15:08:53.639  INFO 35392 --- [main] o.s.s.concurrent.ThreadPoolTaskExecutor  : Initializing ExecutorService 'applicationTaskExecutor'
2019-06-05 15:08:53.759  INFO 35392 --- [main] o.s.b.w.embedded.tomcat.TomcatWebServer  : Tomcat started on port(s): 8081 (http) with context path '/zwf'
2019-06-05 15:08:53.763  INFO 35392 --- [main] c.z.s.SpringBootDemoApplication          : Started SpringBootDemoApplication in 1.337 seconds (JVM running for 1.969)
2019-06-05 15:08:53.765  INFO 35392 --- [main] c.z.s.SpringBootDemoApplication          : 
----------------------------------------------------------
	Application 'dev' is running! Access URLs:
	Local: 		http://192.168.1.7:8081
	----------------------------------------------------------
2019-06-05 15:08:53.766  INFO 35392 --- [main] c.z.s.SpringBootDemoApplication          : 程序启动完成!
