2019-06-05 15:32:03.269  INFO 22640 --- [main] c.z.s.SpringBootDemoApplication          : Starting SpringBootDemoApplication on LAPTOP-K985UT82 with PID 22640 (D:\Java\Java_study\spring-boot-demo\spring-boot-demo\target\classes started by 86182 in D:\Java\Java_study\spring-boot-demo\spring-boot-demo)
2019-06-05 15:32:03.270  INFO 22640 --- [main] c.z.s.SpringBootDemoApplication          : The following profiles are active: dev
2019-06-05 15:32:03.836  INFO 22640 --- [main] o.s.b.w.embedded.tomcat.TomcatWebServer  : Tomcat initialized with port(s): 8081 (http)
2019-06-05 15:32:03.851  INFO 22640 --- [main] o.apache.catalina.core.StandardService   : Starting service [Tomcat]
2019-06-05 15:32:03.851  INFO 22640 --- [main] org.apache.catalina.core.StandardEngine  : Starting Servlet engine: [Apache Tomcat/9.0.19]
2019-06-05 15:32:03.910  INFO 22640 --- [main] o.a.c.c.C.[Tomcat].[localhost].[/zwf]    : Initializing Spring embedded WebApplicationContext
2019-06-05 15:32:03.910  INFO 22640 --- [main] o.s.web.context.ContextLoader            : Root WebApplicationContext: initialization completed in 614 ms
2019-06-05 15:32:04.058  INFO 22640 --- [main] o.s.s.concurrent.ThreadPoolTaskExecutor  : Initializing ExecutorService 'applicationTaskExecutor'
2019-06-05 15:32:04.169  INFO 22640 --- [main] o.s.b.w.embedded.tomcat.TomcatWebServer  : Tomcat started on port(s): 8081 (http) with context path '/zwf'
2019-06-05 15:32:04.171  INFO 22640 --- [main] c.z.s.SpringBootDemoApplication          : Started SpringBootDemoApplication in 1.198 seconds (JVM running for 1.709)
2019-06-05 15:32:04.172  INFO 22640 --- [main] c.z.s.SpringBootDemoApplication          : 
----------------------------------------------------------
	Application 'dev' is running! Access URLs:
	Local: 		http://192.168.1.7:8081
	----------------------------------------------------------
2019-06-05 15:32:04.173  INFO 22640 --- [main] c.z.s.SpringBootDemoApplication          : 程序启动完成!
2019-06-05 15:47:52.681  INFO 22640 --- [RMI TCP Connection(2)-127.0.0.1] inMXBeanRegistrar$SpringApplicationAdmin : Application shutdown requested.
2019-06-05 15:47:52.683  INFO 22640 --- [RMI TCP Connection(2)-127.0.0.1] o.s.s.concurrent.ThreadPoolTaskExecutor  : Shutting down ExecutorService 'applicationTaskExecutor'
2019-06-05 16:03:51.483  INFO 29956 --- [restartedMain] c.z.s.SpringBootDemoApplication          : Starting SpringBootDemoApplication on LAPTOP-K985UT82 with PID 29956 (D:\Java\Java_study\spring-boot-demo\spring-boot-demo\target\classes started by 86182 in D:\Java\Java_study\spring-boot-demo\spring-boot-demo)
2019-06-05 16:03:51.486  INFO 29956 --- [restartedMain] c.z.s.SpringBootDemoApplication          : The following profiles are active: dev
2019-06-05 16:03:51.519  INFO 29956 --- [restartedMain] .e.DevToolsPropertyDefaultsPostProcessor : Devtools property defaults active! Set 'spring.devtools.add-properties' to 'false' to disable
2019-06-05 16:03:51.519  INFO 29956 --- [restartedMain] .e.DevToolsPropertyDefaultsPostProcessor : For additional web related logging consider setting the 'logging.level.web' property to 'DEBUG'
2019-06-05 16:03:52.058  INFO 29956 --- [restartedMain] .s.d.r.c.RepositoryConfigurationDelegate : Multiple Spring Data modules found, entering strict repository configuration mode!
2019-06-05 16:03:52.060  INFO 29956 --- [restartedMain] .s.d.r.c.RepositoryConfigurationDelegate : Bootstrapping Spring Data repositories in DEFAULT mode.
2019-06-05 16:03:52.080  INFO 29956 --- [restartedMain] .s.d.r.c.RepositoryConfigurationDelegate : Finished Spring Data repository scanning in 9ms. Found 0 repository interfaces.
2019-06-05 16:03:52.530  INFO 29956 --- [restartedMain] o.s.b.w.embedded.tomcat.TomcatWebServer  : Tomcat initialized with port(s): 8081 (http)
2019-06-05 16:03:52.548  INFO 29956 --- [restartedMain] o.apache.catalina.core.StandardService   : Starting service [Tomcat]
2019-06-05 16:03:52.549  INFO 29956 --- [restartedMain] org.apache.catalina.core.StandardEngine  : Starting Servlet engine: [Apache Tomcat/9.0.17]
2019-06-05 16:03:52.621  INFO 29956 --- [restartedMain] o.a.c.c.C.[Tomcat].[localhost].[/zwf]    : Initializing Spring embedded WebApplicationContext
2019-06-05 16:03:52.621  INFO 29956 --- [restartedMain] o.s.web.context.ContextLoader            : Root WebApplicationContext: initialization completed in 1102 ms
2019-06-05 16:03:52.828  INFO 29956 --- [restartedMain] o.s.s.concurrent.ThreadPoolTaskExecutor  : Initializing ExecutorService 'applicationTaskExecutor'
2019-06-05 16:03:53.171  WARN 29956 --- [restartedMain] ConfigServletWebServerApplicationContext : Exception encountered during context initialization - cancelling refresh attempt: org.springframework.beans.factory.BeanCreationException: Error creating bean with name 'gsonBuilder' defined in class path resource [org/springframework/boot/autoconfigure/gson/GsonAutoConfiguration.class]: Bean instantiation via factory method failed; nested exception is org.springframework.beans.BeanInstantiationException: Failed to instantiate [com.google.gson.GsonBuilder]: Factory method 'gsonBuilder' threw exception; nested exception is java.lang.BootstrapMethodError: java.lang.NoSuchMethodError: com.google.gson.GsonBuilder.setLenient()Lcom/google/gson/GsonBuilder;
2019-06-05 16:03:53.183  INFO 29956 --- [restartedMain] o.s.s.concurrent.ThreadPoolTaskExecutor  : Shutting down ExecutorService 'applicationTaskExecutor'
2019-06-05 16:03:53.185  INFO 29956 --- [restartedMain] o.apache.catalina.core.StandardService   : Stopping service [Tomcat]
2019-06-05 16:03:53.203  INFO 29956 --- [restartedMain] ConditionEvaluationReportLoggingListener : 

Error starting ApplicationContext. To display the conditions report re-run your application with 'debug' enabled.
2019-06-05 16:03:53.207 ERROR 29956 --- [restartedMain] o.s.b.d.LoggingFailureAnalysisReporter   : 

***************************
APPLICATION FAILED TO START
***************************

Description:

An attempt was made to call a method that does not exist. The attempt was made from the following location:

    java.lang.invoke.MethodHandleNatives.resolve(Native Method)

The following method did not exist:

    com.google.gson.GsonBuilder.setLenient()Lcom/google/gson/GsonBuilder;

The method's class, com.google.gson.GsonBuilder, is available from the following locations:

    jar:file:/D:/maven/maven_local_repository/at/bestsolution/efxclipse/eclipse/com.google.gson/2.2.4/com.google.gson-2.2.4.jar!/com/google/gson/GsonBuilder.class

It was loaded from the following location:

    file:/D:/maven/maven_local_repository/at/bestsolution/efxclipse/eclipse/com.google.gson/2.2.4/com.google.gson-2.2.4.jar


Action:

Correct the classpath of your application so that it contains a single, compatible version of com.google.gson.GsonBuilder

2019-06-05 16:09:02.396  INFO 19044 --- [restartedMain] c.z.s.SpringBootDemoApplication          : Starting SpringBootDemoApplication on LAPTOP-K985UT82 with PID 19044 (D:\Java\Java_study\spring-boot-demo\spring-boot-demo\target\classes started by 86182 in D:\Java\Java_study\spring-boot-demo\spring-boot-demo)
2019-06-05 16:09:02.397  INFO 19044 --- [restartedMain] c.z.s.SpringBootDemoApplication          : The following profiles are active: dev
2019-06-05 16:09:02.423  INFO 19044 --- [restartedMain] .e.DevToolsPropertyDefaultsPostProcessor : Devtools property defaults active! Set 'spring.devtools.add-properties' to 'false' to disable
2019-06-05 16:09:02.423  INFO 19044 --- [restartedMain] .e.DevToolsPropertyDefaultsPostProcessor : For additional web related logging consider setting the 'logging.level.web' property to 'DEBUG'
2019-06-05 16:09:02.804  INFO 19044 --- [restartedMain] .s.d.r.c.RepositoryConfigurationDelegate : Multiple Spring Data modules found, entering strict repository configuration mode!
2019-06-05 16:09:02.806  INFO 19044 --- [restartedMain] .s.d.r.c.RepositoryConfigurationDelegate : Bootstrapping Spring Data repositories in DEFAULT mode.
2019-06-05 16:09:02.823  INFO 19044 --- [restartedMain] .s.d.r.c.RepositoryConfigurationDelegate : Finished Spring Data repository scanning in 8ms. Found 0 repository interfaces.
2019-06-05 16:09:03.347  INFO 19044 --- [restartedMain] o.s.b.w.embedded.tomcat.TomcatWebServer  : Tomcat initialized with port(s): 8081 (http)
2019-06-05 16:09:03.363  INFO 19044 --- [restartedMain] o.apache.catalina.core.StandardService   : Starting service [Tomcat]
2019-06-05 16:09:03.363  INFO 19044 --- [restartedMain] org.apache.catalina.core.StandardEngine  : Starting Servlet engine: [Apache Tomcat/9.0.17]
2019-06-05 16:09:03.424  INFO 19044 --- [restartedMain] o.a.c.c.C.[Tomcat].[localhost].[/zwf]    : Initializing Spring embedded WebApplicationContext
2019-06-05 16:09:03.424  INFO 19044 --- [restartedMain] o.s.web.context.ContextLoader            : Root WebApplicationContext: initialization completed in 1001 ms
2019-06-05 16:09:03.591  INFO 19044 --- [restartedMain] o.s.s.concurrent.ThreadPoolTaskExecutor  : Initializing ExecutorService 'applicationTaskExecutor'
2019-06-05 16:09:03.871  WARN 19044 --- [restartedMain] ConfigServletWebServerApplicationContext : Exception encountered during context initialization - cancelling refresh attempt: org.springframework.beans.factory.BeanCreationException: Error creating bean with name 'gsonBuilder' defined in class path resource [org/springframework/boot/autoconfigure/gson/GsonAutoConfiguration.class]: Bean instantiation via factory method failed; nested exception is org.springframework.beans.BeanInstantiationException: Failed to instantiate [com.google.gson.GsonBuilder]: Factory method 'gsonBuilder' threw exception; nested exception is java.lang.BootstrapMethodError: java.lang.NoSuchMethodError: com.google.gson.GsonBuilder.setLenient()Lcom/google/gson/GsonBuilder;
2019-06-05 16:09:03.879  INFO 19044 --- [restartedMain] o.s.s.concurrent.ThreadPoolTaskExecutor  : Shutting down ExecutorService 'applicationTaskExecutor'
2019-06-05 16:09:03.881  INFO 19044 --- [restartedMain] o.apache.catalina.core.StandardService   : Stopping service [Tomcat]
2019-06-05 16:09:03.895  INFO 19044 --- [restartedMain] ConditionEvaluationReportLoggingListener : 

Error starting ApplicationContext. To display the conditions report re-run your application with 'debug' enabled.
2019-06-05 16:09:03.898 ERROR 19044 --- [restartedMain] o.s.b.d.LoggingFailureAnalysisReporter   : 

***************************
APPLICATION FAILED TO START
***************************

Description:

An attempt was made to call a method that does not exist. The attempt was made from the following location:

    java.lang.invoke.MethodHandleNatives.resolve(Native Method)

The following method did not exist:

    com.google.gson.GsonBuilder.setLenient()Lcom/google/gson/GsonBuilder;

The method's class, com.google.gson.GsonBuilder, is available from the following locations:

    jar:file:/D:/maven/maven_local_repository/at/bestsolution/efxclipse/eclipse/com.google.gson/2.2.4/com.google.gson-2.2.4.jar!/com/google/gson/GsonBuilder.class

It was loaded from the following location:

    file:/D:/maven/maven_local_repository/at/bestsolution/efxclipse/eclipse/com.google.gson/2.2.4/com.google.gson-2.2.4.jar


Action:

Correct the classpath of your application so that it contains a single, compatible version of com.google.gson.GsonBuilder

2019-06-05 16:09:23.475  INFO 1668 --- [restartedMain] c.z.s.SpringBootDemoApplication          : Starting SpringBootDemoApplication on LAPTOP-K985UT82 with PID 1668 (D:\Java\Java_study\spring-boot-demo\spring-boot-demo\target\classes started by 86182 in D:\Java\Java_study\spring-boot-demo\spring-boot-demo)
2019-06-05 16:09:23.477  INFO 1668 --- [restartedMain] c.z.s.SpringBootDemoApplication          : The following profiles are active: dev
2019-06-05 16:09:23.503  INFO 1668 --- [restartedMain] .e.DevToolsPropertyDefaultsPostProcessor : Devtools property defaults active! Set 'spring.devtools.add-properties' to 'false' to disable
2019-06-05 16:09:23.503  INFO 1668 --- [restartedMain] .e.DevToolsPropertyDefaultsPostProcessor : For additional web related logging consider setting the 'logging.level.web' property to 'DEBUG'
2019-06-05 16:09:23.890  INFO 1668 --- [restartedMain] .s.d.r.c.RepositoryConfigurationDelegate : Multiple Spring Data modules found, entering strict repository configuration mode!
2019-06-05 16:09:23.891  INFO 1668 --- [restartedMain] .s.d.r.c.RepositoryConfigurationDelegate : Bootstrapping Spring Data repositories in DEFAULT mode.
2019-06-05 16:09:23.907  INFO 1668 --- [restartedMain] .s.d.r.c.RepositoryConfigurationDelegate : Finished Spring Data repository scanning in 8ms. Found 0 repository interfaces.
2019-06-05 16:09:24.271  INFO 1668 --- [restartedMain] o.s.b.w.embedded.tomcat.TomcatWebServer  : Tomcat initialized with port(s): 8081 (http)
2019-06-05 16:09:24.287  INFO 1668 --- [restartedMain] o.apache.catalina.core.StandardService   : Starting service [Tomcat]
2019-06-05 16:09:24.287  INFO 1668 --- [restartedMain] org.apache.catalina.core.StandardEngine  : Starting Servlet engine: [Apache Tomcat/9.0.17]
2019-06-05 16:09:24.352  INFO 1668 --- [restartedMain] o.a.c.c.C.[Tomcat].[localhost].[/zwf]    : Initializing Spring embedded WebApplicationContext
2019-06-05 16:09:24.352  INFO 1668 --- [restartedMain] o.s.web.context.ContextLoader            : Root WebApplicationContext: initialization completed in 849 ms
2019-06-05 16:09:24.507  INFO 1668 --- [restartedMain] o.s.s.concurrent.ThreadPoolTaskExecutor  : Initializing ExecutorService 'applicationTaskExecutor'
2019-06-05 16:09:24.800  INFO 1668 --- [restartedMain] o.s.b.d.a.OptionalLiveReloadServer       : LiveReload server is running on port 35729
2019-06-05 16:09:24.833  INFO 1668 --- [restartedMain] o.s.b.w.embedded.tomcat.TomcatWebServer  : Tomcat started on port(s): 8081 (http) with context path '/zwf'
2019-06-05 16:09:24.834  INFO 1668 --- [restartedMain] c.z.s.SpringBootDemoApplication          : Started SpringBootDemoApplication in 1.611 seconds (JVM running for 2.176)
2019-06-05 16:09:24.837  INFO 1668 --- [restartedMain] c.z.s.SpringBootDemoApplication          : 
----------------------------------------------------------
	Application 'dev' is running! Access URLs:
	Local: 		http://192.168.1.7:8081
	----------------------------------------------------------
2019-06-05 16:09:24.837  INFO 1668 --- [restartedMain] c.z.s.SpringBootDemoApplication          : 程序启动完成!
2019-06-05 16:09:27.326  INFO 1668 --- [RMI TCP Connection(2)-127.0.0.1] inMXBeanRegistrar$SpringApplicationAdmin : Application shutdown requested.
2019-06-05 16:09:27.339  INFO 1668 --- [RMI TCP Connection(2)-127.0.0.1] o.s.s.concurrent.ThreadPoolTaskExecutor  : Shutting down ExecutorService 'applicationTaskExecutor'
2019-06-05 16:16:36.557  INFO 18380 --- [restartedMain] c.z.s.SpringBootDemoApplication          : Starting SpringBootDemoApplication on LAPTOP-K985UT82 with PID 18380 (D:\Java\Java_study\spring-boot-demo\spring-boot-demo\target\classes started by 86182 in D:\Java\Java_study\spring-boot-demo\spring-boot-demo)
2019-06-05 16:16:36.559  INFO 18380 --- [restartedMain] c.z.s.SpringBootDemoApplication          : The following profiles are active: dev
2019-06-05 16:16:36.606  INFO 18380 --- [restartedMain] .e.DevToolsPropertyDefaultsPostProcessor : Devtools property defaults active! Set 'spring.devtools.add-properties' to 'false' to disable
2019-06-05 16:16:36.607  INFO 18380 --- [restartedMain] .e.DevToolsPropertyDefaultsPostProcessor : For additional web related logging consider setting the 'logging.level.web' property to 'DEBUG'
2019-06-05 16:16:37.406  INFO 18380 --- [restartedMain] .s.d.r.c.RepositoryConfigurationDelegate : Multiple Spring Data modules found, entering strict repository configuration mode!
2019-06-05 16:16:37.408  INFO 18380 --- [restartedMain] .s.d.r.c.RepositoryConfigurationDelegate : Bootstrapping Spring Data repositories in DEFAULT mode.
2019-06-05 16:16:37.434  INFO 18380 --- [restartedMain] .s.d.r.c.RepositoryConfigurationDelegate : Finished Spring Data repository scanning in 12ms. Found 0 repository interfaces.
2019-06-05 16:16:38.007  INFO 18380 --- [restartedMain] o.s.b.w.embedded.tomcat.TomcatWebServer  : Tomcat initialized with port(s): 8081 (http)
2019-06-05 16:16:38.029  INFO 18380 --- [restartedMain] o.apache.catalina.core.StandardService   : Starting service [Tomcat]
2019-06-05 16:16:38.029  INFO 18380 --- [restartedMain] org.apache.catalina.core.StandardEngine  : Starting Servlet engine: [Apache Tomcat/9.0.17]
2019-06-05 16:16:38.091  INFO 18380 --- [restartedMain] o.a.c.c.C.[Tomcat].[localhost].[/zwf]    : Initializing Spring embedded WebApplicationContext
2019-06-05 16:16:38.092  INFO 18380 --- [restartedMain] o.s.web.context.ContextLoader            : Root WebApplicationContext: initialization completed in 1485 ms
2019-06-05 16:16:38.246  INFO 18380 --- [restartedMain] o.s.s.concurrent.ThreadPoolTaskExecutor  : Initializing ExecutorService 'applicationTaskExecutor'
2019-06-05 16:16:38.547  INFO 18380 --- [restartedMain] o.s.b.d.a.OptionalLiveReloadServer       : LiveReload server is running on port 35729
2019-06-05 16:16:38.579  INFO 18380 --- [restartedMain] o.s.b.w.embedded.tomcat.TomcatWebServer  : Tomcat started on port(s): 8081 (http) with context path '/zwf'
2019-06-05 16:16:38.581  INFO 18380 --- [restartedMain] c.z.s.SpringBootDemoApplication          : Started SpringBootDemoApplication in 2.453 seconds (JVM running for 3.382)
2019-06-05 16:16:38.583  INFO 18380 --- [restartedMain] c.z.s.SpringBootDemoApplication          : 
----------------------------------------------------------
	Application 'dev' is running! Access URLs:
	Local: 		http://192.168.1.7:8081
	----------------------------------------------------------
2019-06-05 16:16:38.583  INFO 18380 --- [restartedMain] c.z.s.SpringBootDemoApplication          : 程序启动完成!
2019-06-05 16:23:15.812  INFO 18380 --- [Thread-6] o.s.s.concurrent.ThreadPoolTaskExecutor  : Shutting down ExecutorService 'applicationTaskExecutor'
2019-06-05 16:23:16.074  INFO 18380 --- [restartedMain] c.z.s.SpringBootDemoApplication          : Starting SpringBootDemoApplication on LAPTOP-K985UT82 with PID 18380 (D:\Java\Java_study\spring-boot-demo\spring-boot-demo\target\classes started by 86182 in D:\Java\Java_study\spring-boot-demo\spring-boot-demo)
2019-06-05 16:23:16.074  INFO 18380 --- [restartedMain] c.z.s.SpringBootDemoApplication          : The following profiles are active: dev
2019-06-05 16:23:16.193  INFO 18380 --- [restartedMain] .s.d.r.c.RepositoryConfigurationDelegate : Multiple Spring Data modules found, entering strict repository configuration mode!
2019-06-05 16:23:16.193  INFO 18380 --- [restartedMain] .s.d.r.c.RepositoryConfigurationDelegate : Bootstrapping Spring Data repositories in DEFAULT mode.
2019-06-05 16:23:16.194  INFO 18380 --- [restartedMain] .s.d.r.c.RepositoryConfigurationDelegate : Finished Spring Data repository scanning in 1ms. Found 0 repository interfaces.
2019-06-05 16:23:16.256  INFO 18380 --- [restartedMain] o.s.b.w.embedded.tomcat.TomcatWebServer  : Tomcat initialized with port(s): 8081 (http)
2019-06-05 16:23:16.257  INFO 18380 --- [restartedMain] o.apache.catalina.core.StandardService   : Starting service [Tomcat]
2019-06-05 16:23:16.257  INFO 18380 --- [restartedMain] org.apache.catalina.core.StandardEngine  : Starting Servlet engine: [Apache Tomcat/9.0.17]
2019-06-05 16:23:16.266  INFO 18380 --- [restartedMain] o.a.c.c.C.[Tomcat].[localhost].[/zwf]    : Initializing Spring embedded WebApplicationContext
2019-06-05 16:23:16.266  INFO 18380 --- [restartedMain] o.s.web.context.ContextLoader            : Root WebApplicationContext: initialization completed in 191 ms
2019-06-05 16:23:16.308  INFO 18380 --- [restartedMain] o.s.s.concurrent.ThreadPoolTaskExecutor  : Initializing ExecutorService 'applicationTaskExecutor'
2019-06-05 16:23:16.347  INFO 18380 --- [restartedMain] o.s.b.d.a.OptionalLiveReloadServer       : LiveReload server is running on port 35729
2019-06-05 16:23:16.360  INFO 18380 --- [restartedMain] o.s.b.w.embedded.tomcat.TomcatWebServer  : Tomcat started on port(s): 8081 (http) with context path '/zwf'
2019-06-05 16:23:16.360  INFO 18380 --- [restartedMain] c.z.s.SpringBootDemoApplication          : Started SpringBootDemoApplication in 0.306 seconds (JVM running for 401.162)
2019-06-05 16:23:16.361  INFO 18380 --- [restartedMain] .ConditionEvaluationDeltaLoggingListener : Condition evaluation unchanged
2019-06-05 16:23:16.362  INFO 18380 --- [restartedMain] c.z.s.SpringBootDemoApplication          : 
----------------------------------------------------------
	Application 'dev' is running! Access URLs:
	Local: 		http://192.168.1.7:8081
	----------------------------------------------------------
2019-06-05 16:23:16.362  INFO 18380 --- [restartedMain] c.z.s.SpringBootDemoApplication          : 程序启动完成!
2019-06-05 16:23:19.121  INFO 18380 --- [RMI TCP Connection(2)-127.0.0.1] inMXBeanRegistrar$SpringApplicationAdmin : Application shutdown requested.
2019-06-05 16:23:19.127  INFO 18380 --- [RMI TCP Connection(2)-127.0.0.1] o.s.s.concurrent.ThreadPoolTaskExecutor  : Shutting down ExecutorService 'applicationTaskExecutor'
2019-06-05 16:23:25.423  INFO 35800 --- [restartedMain] com.zwf.springbootdemo.DemoApplication   : Starting DemoApplication on LAPTOP-K985UT82 with PID 35800 (D:\Java\Java_study\spring-boot-demo\spring-boot-demo\target\classes started by 86182 in D:\Java\Java_study\spring-boot-demo\spring-boot-demo)
2019-06-05 16:23:25.424  INFO 35800 --- [restartedMain] com.zwf.springbootdemo.DemoApplication   : The following profiles are active: dev
2019-06-05 16:23:25.452  INFO 35800 --- [restartedMain] .e.DevToolsPropertyDefaultsPostProcessor : Devtools property defaults active! Set 'spring.devtools.add-properties' to 'false' to disable
2019-06-05 16:23:25.453  INFO 35800 --- [restartedMain] .e.DevToolsPropertyDefaultsPostProcessor : For additional web related logging consider setting the 'logging.level.web' property to 'DEBUG'
2019-06-05 16:23:25.838  INFO 35800 --- [restartedMain] .s.d.r.c.RepositoryConfigurationDelegate : Multiple Spring Data modules found, entering strict repository configuration mode!
2019-06-05 16:23:25.839  INFO 35800 --- [restartedMain] .s.d.r.c.RepositoryConfigurationDelegate : Bootstrapping Spring Data repositories in DEFAULT mode.
2019-06-05 16:23:25.855  INFO 35800 --- [restartedMain] .s.d.r.c.RepositoryConfigurationDelegate : Finished Spring Data repository scanning in 8ms. Found 0 repository interfaces.
2019-06-05 16:23:26.220  INFO 35800 --- [restartedMain] o.s.b.w.embedded.tomcat.TomcatWebServer  : Tomcat initialized with port(s): 8081 (http)
2019-06-05 16:23:26.241  INFO 35800 --- [restartedMain] o.apache.catalina.core.StandardService   : Starting service [Tomcat]
2019-06-05 16:23:26.241  INFO 35800 --- [restartedMain] org.apache.catalina.core.StandardEngine  : Starting Servlet engine: [Apache Tomcat/9.0.17]
2019-06-05 16:23:26.299  INFO 35800 --- [restartedMain] o.a.c.c.C.[Tomcat].[localhost].[/zwf]    : Initializing Spring embedded WebApplicationContext
2019-06-05 16:23:26.299  INFO 35800 --- [restartedMain] o.s.web.context.ContextLoader            : Root WebApplicationContext: initialization completed in 846 ms
2019-06-05 16:23:26.474  INFO 35800 --- [restartedMain] o.s.s.concurrent.ThreadPoolTaskExecutor  : Initializing ExecutorService 'applicationTaskExecutor'
2019-06-05 16:23:26.795  INFO 35800 --- [restartedMain] o.s.b.d.a.OptionalLiveReloadServer       : LiveReload server is running on port 35729
2019-06-05 16:23:26.826  INFO 35800 --- [restartedMain] o.s.b.w.embedded.tomcat.TomcatWebServer  : Tomcat started on port(s): 8081 (http) with context path '/zwf'
2019-06-05 16:23:26.828  INFO 35800 --- [restartedMain] com.zwf.springbootdemo.DemoApplication   : Started DemoApplication in 1.669 seconds (JVM running for 2.234)
2019-06-05 16:23:26.830  INFO 35800 --- [restartedMain] com.zwf.springbootdemo.DemoApplication   : 
----------------------------------------------------------
	Application 'dev' is running! Access URLs:
	Local: 		http://192.168.1.7:8081
	----------------------------------------------------------
2019-06-05 16:23:26.830  INFO 35800 --- [restartedMain] com.zwf.springbootdemo.DemoApplication   : 程序启动完成!
2019-06-05 16:23:28.398  INFO 35800 --- [RMI TCP Connection(2)-127.0.0.1] inMXBeanRegistrar$SpringApplicationAdmin : Application shutdown requested.
2019-06-05 16:23:28.410  INFO 35800 --- [RMI TCP Connection(2)-127.0.0.1] o.s.s.concurrent.ThreadPoolTaskExecutor  : Shutting down ExecutorService 'applicationTaskExecutor'
