#
# There is insufficient memory for the Java Runtime Environment to continue.
# Native memory allocation (malloc) failed to allocate 1261456 bytes for Chunk::new
# Possible reasons:
#   The system is out of physical RAM or swap space
#   In 32 bit mode, the process size limit was hit
# Possible solutions:
#   Reduce memory load on the system
#   Increase physical memory or swap space
#   Check if swap backing store is full
#   Use 64 bit Java on a 64 bit OS
#   Decrease Java heap size (-Xmx/-Xms)
#   Decrease number of Java threads
#   Decrease Java thread stack sizes (-Xss)
#   Set larger code cache with -XX:ReservedCodeCacheSize=
# This output file may be truncated or incomplete.
#
#  Out of Memory Error (allocation.cpp:390), pid=31644, tid=0x00000000000027f8
#
# JRE version: Java(TM) SE Runtime Environment (8.0_152-b16) (build 1.8.0_152-b16)
# Java VM: Java HotSpot(TM) 64-Bit Server VM (25.152-b16 mixed mode windows-amd64 compressed oops)
# Failed to write core dump. Minidumps are not enabled by default on client versions of Windows
#

---------------  T H R E A D  ---------------

Current thread (0x000000001e7b3800):  JavaThread "C2 CompilerThread0" daemon [_thread_in_native, id=10232, stack(0x000000001ee80000,0x000000001ef80000)]

Stack: [0x000000001ee80000,0x000000001ef80000]
[error occurred during error reporting (printing stack bounds), id 0xc0000005]

Native frames: (J=compiled Java code, j=interpreted, Vv=VM code, C=native code)


Current CompileTask:
C2:   2826 3189   !   4       org.springframework.core.annotation.AnnotatedElementUtils::searchWithFindSemantics (774 bytes)


---------------  P R O C E S S  ---------------

Java Threads: ( => current thread )
  0x00000000215dc000 JavaThread "Druid-ConnectionPool-Destroy-822409149" daemon [_thread_blocked, id=3968, stack(0x00000000256f0000,0x00000000257f0000)]
  0x00000000215da800 JavaThread "Druid-ConnectionPool-Create-822409149" daemon [_thread_in_native, id=33176, stack(0x00000000255f0000,0x00000000256f0000)]
  0x00000000215db800 JavaThread "mysql-cj-abandoned-connection-cleanup" daemon [_thread_blocked, id=7444, stack(0x00000000254f0000,0x00000000255f0000)]
  0x000000001f730000 JavaThread "ReaderThread" [_thread_in_native, id=38492, stack(0x000000001fc80000,0x000000001fd80000)]
  0x000000001e848000 JavaThread "Service Thread" daemon [_thread_blocked, id=17496, stack(0x000000001f280000,0x000000001f380000)]
  0x000000001e7c1800 JavaThread "C1 CompilerThread3" daemon [_thread_blocked, id=19512, stack(0x000000001f180000,0x000000001f280000)]
  0x000000001e7ba800 JavaThread "C2 CompilerThread2" daemon [_thread_in_native, id=24420, stack(0x000000001f080000,0x000000001f180000)]
  0x000000001e7b5000 JavaThread "C2 CompilerThread1" daemon [_thread_blocked, id=20880, stack(0x000000001ef80000,0x000000001f080000)]
=>0x000000001e7b3800 JavaThread "C2 CompilerThread0" daemon [_thread_in_native, id=10232, stack(0x000000001ee80000,0x000000001ef80000)]
  0x000000001e7ae800 JavaThread "Attach Listener" daemon [_thread_blocked, id=9348, stack(0x000000001ed80000,0x000000001ee80000)]
  0x000000001e7ad800 JavaThread "Signal Dispatcher" daemon [_thread_blocked, id=30172, stack(0x000000001ec80000,0x000000001ed80000)]
  0x0000000002dae000 JavaThread "Finalizer" daemon [_thread_blocked, id=11148, stack(0x000000001eb20000,0x000000001ec20000)]
  0x0000000002dad000 JavaThread "Reference Handler" daemon [_thread_blocked, id=38016, stack(0x000000001e620000,0x000000001e720000)]
  0x0000000002cb5800 JavaThread "main" [_thread_blocked, id=27372, stack(0x0000000002bb0000,0x0000000002cb0000)]

Other Threads:
  0x000000001c819800 VMThread [stack: 0x000000001e520000,0x000000001e620000] [id=33016]
  0x000000001e88c800 WatcherThread [stack: 0x000000001f380000,0x000000001f480000] [id=33384]

VM state:not at safepoint (normal execution)

VM Mutex/Monitor currently owned by a thread: None

Heap:
 PSYoungGen      total 272896K, used 1747K [0x000000076b400000, 0x0000000787500000, 0x00000007c0000000)
  eden space 262144K, 0% used [0x000000076b400000,0x000000076b5b4ee0,0x000000077b400000)
  from space 10752K, 0% used [0x000000077b400000,0x000000077b400000,0x000000077be80000)
  to   space 15360K, 0% used [0x0000000786600000,0x0000000786600000,0x0000000787500000)
 ParOldGen       total 111616K, used 16822K [0x00000006c1c00000, 0x00000006c8900000, 0x000000076b400000)
  object space 111616K, 15% used [0x00000006c1c00000,0x00000006c2c6db08,0x00000006c8900000)
 Metaspace       used 35019K, capacity 36172K, committed 36432K, reserved 1081344K
  class space    used 4492K, capacity 4750K, committed 4864K, reserved 1048576K

Card table byte_map: [0x0000000012170000,0x0000000012970000] byte_map_base: 0x000000000eb62000

Marking Bits: (ParMarkBitMap*) 0x0000000077780860
 Begin Bits: [0x00000000136c0000, 0x0000000017650000)
 End Bits:   [0x0000000017650000, 0x000000001b5e0000)

Polling page: 0x00000000005e0000

CodeCache: size=245760Kb used=12516Kb max_used=12520Kb free=233243Kb
 bounds [0x0000000002db0000, 0x0000000003a00000, 0x0000000011db0000]
 total_blobs=3763 nmethods=3309 adapters=366
 compilation: enabled

Compilation events (10 events):
Event: 2.750 Thread 0x000000001e7b5000 nmethod 3318 0x00000000039ea6d0 code [0x00000000039ea9c0, 0x00000000039ec0e0]
Event: 2.750 Thread 0x000000001e7b5000 3320   !   4       java.util.zip.ZipFile::getEntry (101 bytes)
Event: 2.751 Thread 0x000000001e7ba800 nmethod 3319 0x00000000039ee250 code [0x00000000039ee520, 0x00000000039efc40]
Event: 2.751 Thread 0x000000001e7ba800 3159   !   4       com.sun.beans.TypeResolver::resolve (274 bytes)
Event: 2.762 Thread 0x000000001e7c1800 3324   !   3       com.mysql.cj.conf.DefaultPropertySet::getProperty (52 bytes)
Event: 2.762 Thread 0x000000001e7c1800 nmethod 3324 0x00000000039d0b10 code [0x00000000039d0cc0, 0x00000000039d1488]
Event: 2.819 Thread 0x000000001e7b5000 nmethod 3320 0x00000000039c7f10 code [0x00000000039c81e0, 0x00000000039c9700]
Event: 2.821 Thread 0x000000001e7c1800 3325       3       java.lang.ThreadLocal$ThreadLocalMap::set (136 bytes)
Event: 2.822 Thread 0x000000001e7c1800 nmethod 3325 0x00000000039ccb10 code [0x00000000039ccd20, 0x00000000039cd808]
Event: 2.822 Thread 0x000000001e7c1800 3326       3       sun.misc.FDBigInteger::mult (64 bytes)

GC Heap History (10 events):
Event: 1.240 GC heap before
{Heap before GC invocations=3 (full 0):
 PSYoungGen      total 141824K, used 13141K [0x000000076b400000, 0x0000000774900000, 0x00000007c0000000)
  eden space 131072K, 2% used [0x000000076b400000,0x000000076b74c750,0x0000000773400000)
  from space 10752K, 90% used [0x0000000773e80000,0x0000000774809040,0x0000000774900000)
  to   space 10752K, 0% used [0x0000000773400000,0x0000000773400000,0x0000000773e80000)
 ParOldGen       total 175104K, used 88K [0x00000006c1c00000, 0x00000006cc700000, 0x000000076b400000)
  object space 175104K, 0% used [0x00000006c1c00000,0x00000006c1c16010,0x00000006cc700000)
 Metaspace       used 20874K, capacity 21466K, committed 21628K, reserved 1069056K
  class space    used 2737K, capacity 2895K, committed 2944K, reserved 1048576K
Event: 1.246 GC heap after
Heap after GC invocations=3 (full 0):
 PSYoungGen      total 141824K, used 5430K [0x000000076b400000, 0x000000077c900000, 0x00000007c0000000)
  eden space 131072K, 0% used [0x000000076b400000,0x000000076b400000,0x0000000773400000)
  from space 10752K, 50% used [0x0000000773400000,0x000000077394da28,0x0000000773e80000)
  to   space 10752K, 0% used [0x000000077be80000,0x000000077be80000,0x000000077c900000)
 ParOldGen       total 175104K, used 88K [0x00000006c1c00000, 0x00000006cc700000, 0x000000076b400000)
  object space 175104K, 0% used [0x00000006c1c00000,0x00000006c1c16010,0x00000006cc700000)
 Metaspace       used 20874K, capacity 21466K, committed 21628K, reserved 1069056K
  class space    used 2737K, capacity 2895K, committed 2944K, reserved 1048576K
}
Event: 1.246 GC heap before
{Heap before GC invocations=4 (full 1):
 PSYoungGen      total 141824K, used 5430K [0x000000076b400000, 0x000000077c900000, 0x00000007c0000000)
  eden space 131072K, 0% used [0x000000076b400000,0x000000076b400000,0x0000000773400000)
  from space 10752K, 50% used [0x0000000773400000,0x000000077394da28,0x0000000773e80000)
  to   space 10752K, 0% used [0x000000077be80000,0x000000077be80000,0x000000077c900000)
 ParOldGen       total 175104K, used 88K [0x00000006c1c00000, 0x00000006cc700000, 0x000000076b400000)
  object space 175104K, 0% used [0x00000006c1c00000,0x00000006c1c16010,0x00000006cc700000)
 Metaspace       used 20874K, capacity 21466K, committed 21628K, reserved 1069056K
  class space    used 2737K, capacity 2895K, committed 2944K, reserved 1048576K
Event: 1.274 GC heap after
Heap after GC invocations=4 (full 1):
 PSYoungGen      total 141824K, used 0K [0x000000076b400000, 0x000000077c900000, 0x00000007c0000000)
  eden space 131072K, 0% used [0x000000076b400000,0x000000076b400000,0x0000000773400000)
  from space 10752K, 0% used [0x0000000773400000,0x0000000773400000,0x0000000773e80000)
  to   space 10752K, 0% used [0x000000077be80000,0x000000077be80000,0x000000077c900000)
 ParOldGen       total 80384K, used 5350K [0x00000006c1c00000, 0x00000006c6a80000, 0x000000076b400000)
  object space 80384K, 6% used [0x00000006c1c00000,0x00000006c2139830,0x00000006c6a80000)
 Metaspace       used 20874K, capacity 21466K, committed 21628K, reserved 1069056K
  class space    used 2737K, capacity 2895K, committed 2944K, reserved 1048576K
}
Event: 2.233 GC heap before
{Heap before GC invocations=5 (full 1):
 PSYoungGen      total 141824K, used 131072K [0x000000076b400000, 0x000000077c900000, 0x00000007c0000000)
  eden space 131072K, 100% used [0x000000076b400000,0x0000000773400000,0x0000000773400000)
  from space 10752K, 0% used [0x0000000773400000,0x0000000773400000,0x0000000773e80000)
  to   space 10752K, 0% used [0x000000077be80000,0x000000077be80000,0x000000077c900000)
 ParOldGen       total 80384K, used 5350K [0x00000006c1c00000, 0x00000006c6a80000, 0x000000076b400000)
  object space 80384K, 6% used [0x00000006c1c00000,0x00000006c2139830,0x00000006c6a80000)
 Metaspace       used 30653K, capacity 31670K, committed 31996K, reserved 1077248K
  class space    used 4055K, capacity 4259K, committed 4352K, reserved 1048576K
Event: 2.242 GC heap after
Heap after GC invocations=5 (full 1):
 PSYoungGen      total 250368K, used 10722K [0x000000076b400000, 0x000000077c900000, 0x00000007c0000000)
  eden space 239616K, 0% used [0x000000076b400000,0x000000076b400000,0x0000000779e00000)
  from space 10752K, 99% used [0x000000077be80000,0x000000077c8f8b38,0x000000077c900000)
  to   space 10752K, 0% used [0x000000077b400000,0x000000077b400000,0x000000077be80000)
 ParOldGen       total 80384K, used 8102K [0x00000006c1c00000, 0x00000006c6a80000, 0x000000076b400000)
  object space 80384K, 10% used [0x00000006c1c00000,0x00000006c23e99e0,0x00000006c6a80000)
 Metaspace       used 30653K, capacity 31670K, committed 31996K, reserved 1077248K
  class space    used 4055K, capacity 4259K, committed 4352K, reserved 1048576K
}
Event: 2.766 GC heap before
{Heap before GC invocations=6 (full 1):
 PSYoungGen      total 250368K, used 82941K [0x000000076b400000, 0x000000077c900000, 0x00000007c0000000)
  eden space 239616K, 30% used [0x000000076b400000,0x000000076fa86900,0x0000000779e00000)
  from space 10752K, 99% used [0x000000077be80000,0x000000077c8f8b38,0x000000077c900000)
  to   space 10752K, 0% used [0x000000077b400000,0x000000077b400000,0x000000077be80000)
 ParOldGen       total 80384K, used 8102K [0x00000006c1c00000, 0x00000006c6a80000, 0x000000076b400000)
  object space 80384K, 10% used [0x00000006c1c00000,0x00000006c23e99e0,0x00000006c6a80000)
 Metaspace       used 34873K, capacity 36012K, committed 36048K, reserved 1081344K
  class space    used 4472K, capacity 4718K, committed 4736K, reserved 1048576K
Event: 2.776 GC heap after
Heap after GC invocations=6 (full 1):
 PSYoungGen      total 272896K, used 10743K [0x000000076b400000, 0x0000000787500000, 0x00000007c0000000)
  eden space 262144K, 0% used [0x000000076b400000,0x000000076b400000,0x000000077b400000)
  from space 10752K, 99% used [0x000000077b400000,0x000000077be7df90,0x000000077be80000)
  to   space 15360K, 0% used [0x0000000786600000,0x0000000786600000,0x0000000787500000)
 ParOldGen       total 80384K, used 9338K [0x00000006c1c00000, 0x00000006c6a80000, 0x000000076b400000)
  object space 80384K, 11% used [0x00000006c1c00000,0x00000006c251e858,0x00000006c6a80000)
 Metaspace       used 34873K, capacity 36012K, committed 36048K, reserved 1081344K
  class space    used 4472K, capacity 4718K, committed 4736K, reserved 1048576K
}
Event: 2.776 GC heap before
{Heap before GC invocations=7 (full 2):
 PSYoungGen      total 272896K, used 10743K [0x000000076b400000, 0x0000000787500000, 0x00000007c0000000)
  eden space 262144K, 0% used [0x000000076b400000,0x000000076b400000,0x000000077b400000)
  from space 10752K, 99% used [0x000000077b400000,0x000000077be7df90,0x000000077be80000)
  to   space 15360K, 0% used [0x0000000786600000,0x0000000786600000,0x0000000787500000)
 ParOldGen       total 80384K, used 9338K [0x00000006c1c00000, 0x00000006c6a80000, 0x000000076b400000)
  object space 80384K, 11% used [0x00000006c1c00000,0x00000006c251e858,0x00000006c6a80000)
 Metaspace       used 34873K, capacity 36012K, committed 36048K, reserved 1081344K
  class space    used 4472K, capacity 4718K, committed 4736K, reserved 1048576K
Event: 2.818 GC heap after
Heap after GC invocations=7 (full 2):
 PSYoungGen      total 272896K, used 0K [0x000000076b400000, 0x0000000787500000, 0x00000007c0000000)
  eden space 262144K, 0% used [0x000000076b400000,0x000000076b400000,0x000000077b400000)
  from space 10752K, 0% used [0x000000077b400000,0x000000077b400000,0x000000077be80000)
  to   space 15360K, 0% used [0x0000000786600000,0x0000000786600000,0x0000000787500000)
 ParOldGen       total 111616K, used 16822K [0x00000006c1c00000, 0x00000006c8900000, 0x000000076b400000)
  object space 111616K, 15% used [0x00000006c1c00000,0x00000006c2c6db08,0x00000006c8900000)
 Metaspace       used 34873K, capacity 36012K, committed 36048K, reserved 1081344K
  class space    used 4472K, capacity 4718K, committed 4736K, reserved 1048576K
}

Deoptimization events (10 events):
Event: 2.525 Thread 0x0000000002cb5800 Uncommon trap: reason=unstable_if action=reinterpret pc=0x000000000320270c method=java.util.concurrent.ConcurrentHashMap.transfer([Ljava/util/concurrent/ConcurrentHashMap$Node;[Ljava/util/concurrent/ConcurrentHashMap$Node;)V @ 356
Event: 2.554 Thread 0x0000000002cb5800 Uncommon trap: reason=unstable_if action=reinterpret pc=0x00000000038fc46c method=org.springframework.boot.context.properties.source.ConfigurationPropertyName.elementEquals(Lorg/springframework/boot/context/properties/source/ConfigurationPropertyName$Elem
Event: 2.555 Thread 0x0000000002cb5800 Uncommon trap: reason=unstable_if action=reinterpret pc=0x00000000038c0b54 method=org.springframework.boot.context.properties.source.ConfigurationPropertyName.elementEquals(Lorg/springframework/boot/context/properties/source/ConfigurationPropertyName$Elem
Event: 2.614 Thread 0x00000000215db800 Uncommon trap: reason=unstable_if action=reinterpret pc=0x0000000003072078 method=java.util.zip.ZipCoder.getBytes(Ljava/lang/String;)[B @ 32
Event: 2.614 Thread 0x00000000215db800 Uncommon trap: reason=unstable_if action=reinterpret pc=0x0000000003096124 method=java.util.zip.ZipCoder.getBytes(Ljava/lang/String;)[B @ 32
Event: 2.614 Thread 0x00000000215db800 Uncommon trap: reason=unstable_if action=reinterpret pc=0x00000000034e996c method=java.net.URL.<init>(Ljava/net/URL;Ljava/lang/String;Ljava/net/URLStreamHandler;)V @ 57
Event: 2.614 Thread 0x00000000215db800 Uncommon trap: reason=unstable_if action=reinterpret pc=0x0000000003209774 method=java.net.URLStreamHandler.parseURL(Ljava/net/URL;Ljava/lang/String;II)V @ 57
Event: 2.614 Thread 0x00000000215db800 Uncommon trap: reason=unstable_if action=reinterpret pc=0x000000000328c294 method=java.io.WinNTFileSystem.resolve(Ljava/lang/String;Ljava/lang/String;)Ljava/lang/String; @ 19
Event: 2.626 Thread 0x0000000002cb5800 Uncommon trap: reason=unstable_if action=reinterpret pc=0x0000000002fdafd8 method=java.lang.AbstractStringBuilder.append(Ljava/lang/String;)Ljava/lang/AbstractStringBuilder; @ 1
Event: 2.686 Thread 0x00000000215da800 Uncommon trap: reason=unstable_if action=reinterpret pc=0x000000000337992c method=java.util.Properties.loadConvert([CII[C)Ljava/lang/String; @ 57

Classes redefined (0 events):
No events

Internal exceptions (10 events):
Event: 2.592 Thread 0x0000000002cb5800 Exception <a 'java/lang/ClassNotFoundException': org/springframework/jdbc/datasource/lookup/AbstractRoutingDataSourceBeanInfo> (0x000000076e63a568) thrown at [C:\re\workspace\8-2-build-windows-amd64-cygwin\jdk8u152\9742\hotspot\src\share\vm\classfile\syst
Event: 2.592 Thread 0x0000000002cb5800 Exception <a 'java/lang/ClassNotFoundException': org/springframework/jdbc/datasource/AbstractDataSourceBeanInfo> (0x000000076e659c90) thrown at [C:\re\workspace\8-2-build-windows-amd64-cygwin\jdk8u152\9742\hotspot\src\share\vm\classfile\systemDictionary.c
Event: 2.593 Thread 0x0000000002cb5800 Exception <a 'java/lang/ClassNotFoundException': org/springframework/jdbc/datasource/AbstractDataSourceCustomizer> (0x000000076e679eb0) thrown at [C:\re\workspace\8-2-build-windows-amd64-cygwin\jdk8u152\9742\hotspot\src\share\vm\classfile\systemDictionary
Event: 2.593 Thread 0x0000000002cb5800 Exception <a 'java/lang/ClassNotFoundException': org/springframework/jdbc/datasource/lookup/AbstractRoutingDataSourceCustomizer> (0x000000076e6a76c0) thrown at [C:\re\workspace\8-2-build-windows-amd64-cygwin\jdk8u152\9742\hotspot\src\share\vm\classfile\sy
Event: 2.594 Thread 0x0000000002cb5800 Exception <a 'java/lang/ClassNotFoundException': com/zwf/datasource/DynamicDataSourceCustomizer> (0x000000076e6ce0d0) thrown at [C:\re\workspace\8-2-build-windows-amd64-cygwin\jdk8u152\9742\hotspot\src\share\vm\classfile\systemDictionary.cpp, line 210]
Event: 2.595 Thread 0x0000000002cb5800 Exception <a 'java/lang/ClassNotFoundException': org/springframework/beans/factory/InitializingBeanCustomizer> (0x000000076e6fcdb8) thrown at [C:\re\workspace\8-2-build-windows-amd64-cygwin\jdk8u152\9742\hotspot\src\share\vm\classfile\systemDictionary.cpp
Event: 2.595 Thread 0x0000000002cb5800 Exception <a 'java/lang/ClassNotFoundException': javax/sql/DataSourceCustomizer> (0x000000076e709088) thrown at [C:\re\workspace\8-2-build-windows-amd64-cygwin\jdk8u152\9742\hotspot\src\share\vm\classfile\systemDictionary.cpp, line 210]
Event: 2.596 Thread 0x0000000002cb5800 Exception <a 'java/lang/ClassNotFoundException': javax/sql/CommonDataSourceCustomizer> (0x000000076e716fd0) thrown at [C:\re\workspace\8-2-build-windows-amd64-cygwin\jdk8u152\9742\hotspot\src\share\vm\classfile\systemDictionary.cpp, line 210]
Event: 2.596 Thread 0x0000000002cb5800 Exception <a 'java/lang/ClassNotFoundException': java/sql/WrapperCustomizer> (0x000000076e7279e0) thrown at [C:\re\workspace\8-2-build-windows-amd64-cygwin\jdk8u152\9742\hotspot\src\share\vm\classfile\systemDictionary.cpp, line 210]
Event: 2.626 Thread 0x0000000002cb5800 Implicit null exception at 0x0000000002fdac16 to 0x0000000002fdafc1

Events (10 events):
Event: 2.820 loading class sun/security/jca/ProviderList$3
Event: 2.821 loading class sun/security/jca/ProviderList$3 done
Event: 2.821 loading class sun/security/jca/ProviderList$1
Event: 2.821 loading class sun/security/jca/ProviderList$1 done
Event: 2.821 loading class java/security/Provider$ServiceKey
Event: 2.821 loading class java/security/Provider$ServiceKey done
Event: 2.821 loading class java/security/Provider$EngineDescription
Event: 2.821 loading class java/security/Provider$EngineDescription done
Event: 2.821 loading class sun/misc/FDBigInteger
Event: 2.821 loading class sun/misc/FDBigInteger done


Dynamic libraries:
0x00007ff783930000 - 0x00007ff783967000 	D:\Java\JDK\jre1.8.0_152\bin\javaw.exe
0x00007ffaf57a0000 - 0x00007ffaf5981000 	C:\Windows\SYSTEM32\ntdll.dll
0x00007ffaf3040000 - 0x00007ffaf30f1000 	C:\Windows\System32\KERNEL32.DLL
0x00007ffaf1f70000 - 0x00007ffaf21e3000 	C:\Windows\System32\KERNELBASE.dll
0x00007ffaf4a00000 - 0x00007ffaf4aa1000 	C:\Windows\System32\ADVAPI32.dll
0x00007ffaf56c0000 - 0x00007ffaf575e000 	C:\Windows\System32\msvcrt.dll
0x00007ffaf46d0000 - 0x00007ffaf472b000 	C:\Windows\System32\sechost.dll
0x00007ffaf4570000 - 0x00007ffaf4694000 	C:\Windows\System32\RPCRT4.dll
0x00007ffaf2c40000 - 0x00007ffaf2dd0000 	C:\Windows\System32\USER32.dll
0x00007ffaf2290000 - 0x00007ffaf22b0000 	C:\Windows\System32\win32u.dll
0x00007ffaf4540000 - 0x00007ffaf4568000 	C:\Windows\System32\GDI32.dll
0x00007ffaf1dd0000 - 0x00007ffaf1f62000 	C:\Windows\System32\gdi32full.dll
0x00007ffaf21f0000 - 0x00007ffaf228f000 	C:\Windows\System32\msvcp_win.dll
0x00007ffaf1bc0000 - 0x00007ffaf1cb8000 	C:\Windows\System32\ucrtbase.dll
0x00007ffae8e40000 - 0x00007ffae90a9000 	C:\Windows\WinSxS\amd64_microsoft.windows.common-controls_6595b64144ccf1df_6.0.17134.765_none_fb42a1a930655896\COMCTL32.dll
0x00007ffaf5080000 - 0x00007ffaf53a2000 	C:\Windows\System32\combase.dll
0x00007ffaf22b0000 - 0x00007ffaf232a000 	C:\Windows\System32\bcryptPrimitives.dll
0x00007ffaf46a0000 - 0x00007ffaf46cd000 	C:\Windows\System32\IMM32.DLL
0x00000000766d0000 - 0x00000000767a2000 	D:\Java\JDK\jre1.8.0_152\bin\msvcr100.dll
0x0000000076f60000 - 0x0000000077800000 	D:\Java\JDK\jre1.8.0_152\bin\server\jvm.dll
0x00007ffaf5760000 - 0x00007ffaf5768000 	C:\Windows\System32\PSAPI.DLL
0x00007ffae42d0000 - 0x00007ffae42f3000 	C:\Windows\SYSTEM32\WINMM.dll
0x00007ffae5860000 - 0x00007ffae5869000 	C:\Windows\SYSTEM32\WSOCK32.dll
0x00007ffaec9c0000 - 0x00007ffaec9ca000 	C:\Windows\SYSTEM32\VERSION.dll
0x00007ffaf2ea0000 - 0x00007ffaf2f0c000 	C:\Windows\System32\WS2_32.dll
0x00007ffae31c0000 - 0x00007ffae31ea000 	C:\Windows\SYSTEM32\WINMMBASE.dll
0x00007ffaf1b70000 - 0x00007ffaf1bb9000 	C:\Windows\System32\cfgmgr32.dll
0x0000000051ef0000 - 0x0000000051eff000 	D:\Java\JDK\jre1.8.0_152\bin\verify.dll
0x0000000051ec0000 - 0x0000000051ee9000 	D:\Java\JDK\jre1.8.0_152\bin\java.dll
0x0000000051e70000 - 0x0000000051e86000 	D:\Java\JDK\jre1.8.0_152\bin\zip.dll
0x00007ffaf3100000 - 0x00007ffaf4540000 	C:\Windows\System32\SHELL32.dll
0x00007ffaf2f90000 - 0x00007ffaf3039000 	C:\Windows\System32\shcore.dll
0x00007ffaf2520000 - 0x00007ffaf2c2d000 	C:\Windows\System32\windows.storage.dll
0x00007ffaf4b50000 - 0x00007ffaf4ba1000 	C:\Windows\System32\shlwapi.dll
0x00007ffaf1b50000 - 0x00007ffaf1b61000 	C:\Windows\System32\kernel.appcore.dll
0x00007ffaf1b20000 - 0x00007ffaf1b3f000 	C:\Windows\System32\profapi.dll
0x00007ffaf1ad0000 - 0x00007ffaf1b1c000 	C:\Windows\System32\powrprof.dll
0x00007ffaf1b40000 - 0x00007ffaf1b4a000 	C:\Windows\System32\FLTLIB.DLL
0x00000000519e0000 - 0x00000000519fa000 	D:\Java\JDK\jre1.8.0_152\bin\net.dll
0x00007ffaf1330000 - 0x00007ffaf1396000 	C:\Windows\system32\mswsock.dll
0x00000000519c0000 - 0x00000000519d1000 	D:\Java\JDK\jre1.8.0_152\bin\nio.dll
0x0000000051890000 - 0x000000005189d000 	D:\Java\JDK\jre1.8.0_152\bin\management.dll
0x00007ffaead30000 - 0x00007ffaead46000 	C:\Windows\system32\napinsp.dll
0x00007ffaead10000 - 0x00007ffaead2a000 	C:\Windows\system32\pnrpnsp.dll
0x00007ffaec9a0000 - 0x00007ffaec9b9000 	C:\Windows\system32\NLAapi.dll
0x00007ffaf10f0000 - 0x00007ffaf11ae000 	C:\Windows\SYSTEM32\DNSAPI.dll
0x00007ffaf2c30000 - 0x00007ffaf2c38000 	C:\Windows\System32\NSI.dll
0x00007ffaf10b0000 - 0x00007ffaf10e8000 	C:\Windows\SYSTEM32\IPHLPAPI.DLL
0x00007ffaead00000 - 0x00007ffaead0e000 	C:\Windows\System32\winrnr.dll
0x00007ffaeb540000 - 0x00007ffaeb555000 	C:\Windows\System32\wshbth.dll
0x0000000051e00000 - 0x0000000051e26000 	C:\Program Files\Bonjour\mdnsNSP.dll
0x00007ffae9120000 - 0x00007ffae912a000 	C:\Windows\System32\rasadhlp.dll
0x00007ffae9a70000 - 0x00007ffae9ae2000 	C:\Windows\System32\fwpuclnt.dll
0x00007ffaf1610000 - 0x00007ffaf1635000 	C:\Windows\SYSTEM32\bcrypt.dll

VM Arguments:
jvm_args: -ea -Dfile.encoding=UTF-8 
java_command: org.eclipse.jdt.internal.junit.runner.RemoteTestRunner -version 3 -port 53822 -testLoaderClass org.eclipse.jdt.internal.junit4.runner.JUnit4TestLoader -loaderpluginname org.eclipse.jdt.junit4.runtime -test com.zwf.springbootmybatisplus.UserDaoTests:selectPage
java_class_path (initial): D:\Java\Java_study\spring-boot-demo\spring-boot-mybatis-plus\target\test-classes;D:\Java\Java_study\spring-boot-demo\spring-boot-mybatis-plus\target\classes;D:\maven\maven_local_repository\org\springframework\boot\spring-boot-starter\2.1.4.RELEASE\spring-boot-starter-2.1.4.RELEASE.jar;D:\maven\maven_local_repository\org\springframework\boot\spring-boot\2.1.4.RELEASE\spring-boot-2.1.4.RELEASE.jar;D:\maven\maven_local_repository\org\springframework\spring-context\5.1.6.RELEASE\spring-context-5.1.6.RELEASE.jar;D:\maven\maven_local_repository\org\springframework\boot\spring-boot-autoconfigure\2.1.4.RELEASE\spring-boot-autoconfigure-2.1.4.RELEASE.jar;D:\maven\maven_local_repository\org\springframework\boot\spring-boot-starter-logging\2.1.4.RELEASE\spring-boot-starter-logging-2.1.4.RELEASE.jar;D:\maven\maven_local_repository\ch\qos\logback\logback-classic\1.2.3\logback-classic-1.2.3.jar;D:\maven\maven_local_repository\ch\qos\logback\logback-core\1.2.3\logback-core-1.2.3.jar;D:\maven\maven_local_repository\org\apache\logging\log4j\log4j-to-slf4j\2.11.2\log4j-to-slf4j-2.11.2.jar;D:\maven\maven_local_repository\org\apache\logging\log4j\log4j-api\2.11.2\log4j-api-2.11.2.jar;D:\maven\maven_local_repository\org\slf4j\jul-to-slf4j\1.7.26\jul-to-slf4j-1.7.26.jar;D:\maven\maven_local_repository\javax\annotation\javax.annotation-api\1.3.2\javax.annotation-api-1.3.2.jar;D:\maven\maven_local_repository\org\springframework\spring-core\5.1.6.RELEASE\spring-core-5.1.6.RELEASE.jar;D:\maven\maven_local_repository\org\springframework\spring-jcl\5.1.6.RELEASE\spring-jcl-5.1.6.RELEASE.jar;D:\maven\maven_local_repository\org\yaml\snakeyaml\1.23\snakeyaml-1.23.jar;D:\maven\maven_local_repository\org\springframework\boot\spring-boot-starter-web\2.1.4.RELEASE\spring-boot-starter-web-2.1.4.RELEASE.jar;D:\maven\maven_local_repository\org\springframework\boot\spring-boot-starter-json\2.1.4.RELEASE\spring-boot-starter-json-2.1.4.RELEASE.jar;D:\maven\maven_local_repositor
Launcher Type: SUN_STANDARD

Environment Variables:
JAVA_HOME=D:\profit\jdk\jdk6
CLASSPATH=.;D:\profit\jdk\jdk6\lib;D:\profit\jdk\jdk6\lib\tools.jar
PATH=D:/Java/JDK/jre1.8.0_152/bin/server;D:/Java/JDK/jre1.8.0_152/bin;D:/Java/JDK/jre1.8.0_152/lib/amd64;C:\ProgramData\Oracle\Java\javapath;C:\Program Files (x86)\Intel\Intel(R) Management Engine Components\iCLS\;C:\Program Files\Intel\Intel(R) Management Engine Components\iCLS\;C:\Windows\system32;C:\Windows;C:\Windows\System32\Wbem;C:\Windows\System32\WindowsPowerShell\v1.0\;C:\Windows\System32\OpenSSH\;C:\Program Files (x86)\Intel\Intel(R) Management Engine Components\DAL;C:\Program Files\Intel\Intel(R) Management Engine Components\DAL;C:\Program Files (x86)\Intel\Intel(R) Management Engine Components\IPT;C:\Program Files\Intel\Intel(R) Management Engine Components\IPT;C:\Program Files\Intel\WiFi\bin\;C:\Program Files\Common Files\Intel\WirelessCommon\;C:\Program Files (x86)\NVIDIA Corporation\PhysX\Common;D:\maven\apache-maven-3.6.0\bin;D:\node\;C:\Program Files\TortoiseSVN\bin;D:\软件安装包\Git\cmd;"D:\profit\jdk\jdk6\bin;D:\profit\jdk\jdk6\jre\bin;";C:\Users\86182\AppData\Local\Microsoft\WindowsApps;C:\Users\86182\AppData\Roaming\npm;D:\软件安装包\vscode\bin;D:\Java\STS\spring-tool-suite-4-4.1.0.RELEASE-e4.10.0-win32.win32.x86_64\sts-4.1.0.RELEASE;
USERNAME=86182
OS=Windows_NT
PROCESSOR_IDENTIFIER=Intel64 Family 6 Model 142 Stepping 10, GenuineIntel



---------------  S Y S T E M  ---------------

OS: Windows 10.0 , 64 bit Build 17134 (10.0.17134.753)

CPU:total 8 (initial active 8) (4 cores per cpu, 2 threads per core) family 6 model 142 stepping 10, cmov, cx8, fxsr, mmx, sse, sse2, sse3, ssse3, sse4.1, sse4.2, popcnt, avx, avx2, aes, clmul, erms, 3dnowpref, lzcnt, ht, tsc, tscinvbit, bmi1, bmi2, adx

Memory: 4k page, physical 16658152k(2622356k free), swap 27143908k(6252k free)

vm_info: Java HotSpot(TM) 64-Bit Server VM (25.152-b16) for windows-amd64 JRE (1.8.0_152-b16), built on Sep 14 2017 02:29:36 by "java_re" with MS VC++ 10.0 (VS2010)

time: Wed Jun 05 23:26:39 2019
elapsed time: 2 seconds (0d 0h 0m 2s)

